TN:
SF:./lib/DeFiBlocks/cadence/contracts/interfaces/DFB.cdc
DA:88,0
DA:89,0
DA:103,0
DA:121,3
DA:123,3
DA:148,3
DA:190,0
DA:192,0
DA:196,0
DA:214,0
DA:218,0
DA:253,0
DA:273,0
DA:276,0
DA:277,0
DA:278,0
DA:283,0
DA:287,0
DA:288,0
DA:290,0
DA:294,0
DA:295,0
DA:297,0
DA:317,0
DA:320,0
DA:321,0
DA:322,0
DA:327,0
DA:331,0
DA:332,0
DA:334,0
DA:339,0
DA:340,0
DA:344,0
DA:400,0
DA:402,0
DA:405,0
DA:407,0
DA:408,0
DA:409,0
DA:410,0
DA:411,0
DA:412,0
DA:413,0
DA:414,0
DA:415,0
DA:417,0
DA:434,0
DA:442,0
DA:451,0
DA:461,0
DA:469,0
DA:479,0
DA:480,0
DA:482,0
DA:491,0
DA:492,0
DA:494,0
DA:503,0
DA:504,0
DA:506,0
DA:516,0
DA:526,0
DA:534,0
DA:536,0
DA:537,0
DA:541,0
DA:551,0
DA:554,0
DA:564,0
DA:565,0
DA:566,0
DA:568,0
DA:570,0
DA:572,0
DA:573,0
DA:574,0
DA:576,0
DA:579,0
DA:580,0
DA:581,0
DA:582,0
DA:584,0
DA:585,0
DA:586,0
DA:588,0
DA:589,0
DA:591,0
DA:592,0
DA:593,0
DA:594,0
DA:595,0
DA:597,0
DA:598,0
DA:599,0
DA:603,0
DA:604,0
DA:621,0
DA:626,0
DA:634,0
DA:639,0
DA:644,0
DA:654,0
DA:658,0
DA:659,0
DA:660,0
DA:668,0
DA:670,0
DA:671,0
DA:674,0
DA:675,0
DA:683,0
DA:684,0
DA:690,0
DA:714,0
DA:723,0
DA:737,3
DA:738,0
DA:740,3
DA:747,3
DA:758,3
DA:759,0
DA:761,3
DA:768,3
DA:772,1
LF:124
LH:10
end_of_record
TN:
SF:./lib/DeFiBlocks/cadence/contracts/utils/DFBUtils.cdc
DA:17,6
DA:18,0
DA:20,6
DA:33,0
DA:37,0
DA:40,0
LF:6
LH:2
end_of_record
TN:
SF:./lib/DeFiBlocks/cadence/contracts/connectors/FungibleTokenStack.cdc
DA:32,1
DA:33,1
DA:36,1
DA:37,1
DA:38,1
DA:39,1
DA:44,4
DA:49,6
DA:50,6
DA:52,0
DA:57,3
DA:58,3
DA:59,0
DA:62,3
DA:63,3
DA:84,1
DA:85,1
DA:88,1
DA:89,1
DA:90,1
DA:91,1
DA:96,3
DA:101,3
DA:102,3
DA:104,0
DA:110,3
DA:111,3
DA:112,0
DA:115,3
DA:116,3
DA:140,3
DA:141,3
DA:143,3
DA:146,3
DA:147,3
DA:148,3
DA:149,3
DA:150,3
DA:155,6
DA:160,3
DA:165,0
DA:166,0
DA:168,0
DA:173,0
DA:174,0
DA:176,0
DA:181,0
DA:182,0
DA:189,0
DA:190,0
DA:191,0
DA:193,0
LF:52
LH:36
end_of_record
TN:
SF:./lib/TidalProtocol/cadence/contracts/MOET.cdc
DA:33,1
DA:37,0
DA:46,0
DA:48,0
DA:53,0
DA:59,0
DA:60,0
DA:71,0
DA:78,0
DA:82,0
DA:86,0
DA:112,14
DA:117,3
DA:118,0
DA:120,3
DA:124,0
DA:128,0
DA:132,0
DA:133,0
DA:134,0
DA:138,0
DA:142,0
DA:146,6
DA:147,6
DA:151,8
DA:152,8
DA:153,8
DA:154,8
DA:156,8
DA:160,1
DA:173,1
DA:182,5
DA:183,5
DA:184,5
DA:185,5
DA:191,1
DA:193,1
DA:194,1
DA:195,1
DA:196,1
DA:197,1
DA:204,1
DA:205,1
DA:206,1
DA:207,1
DA:208,1
DA:211,1
DA:213,1
DA:217,1
LF:49
LH:31
end_of_record
TN:
SF:./cadence/contracts/mocks/MockTidalProtocolConsumer.cdc
DA:26,1
DA:42,1
DA:49,0
DA:53,0
DA:58,1
LF:5
LH:3
end_of_record
TN:
SF:./lib/TidalProtocol/cadence/contracts/TidalProtocol.cdc
DA:48,2
DA:49,2
DA:57,4
DA:64,1
DA:67,1
DA:70,1
DA:74,3
DA:77,3
DA:79,3
DA:81,3
DA:85,3
DA:88,0
DA:90,0
DA:91,0
DA:95,0
DA:96,0
DA:106,3
DA:113,2
DA:116,2
DA:119,2
DA:123,1
DA:126,1
DA:129,0
DA:131,0
DA:135,0
DA:138,1
DA:140,1
DA:141,1
DA:145,1
DA:146,1
DA:165,19
DA:166,19
DA:167,19
DA:200,1
DA:201,1
DA:202,1
DA:203,1
DA:204,1
DA:205,1
DA:206,1
DA:214,1
DA:217,1
DA:222,1
DA:232,0
DA:242,0
DA:276,2
DA:277,2
DA:278,2
DA:279,2
DA:280,2
DA:281,2
DA:282,2
DA:283,2
DA:284,2
DA:285,2
DA:286,2
DA:292,2
DA:293,2
DA:298,6
DA:299,6
DA:304,112
DA:305,112
DA:306,112
DA:307,112
DA:308,112
DA:311,112
DA:312,112
DA:313,112
DA:315,0
DA:322,4
DA:326,112
DA:332,0
DA:333,0
DA:334,0
DA:335,0
DA:338,0
DA:339,0
DA:342,0
DA:345,0
DA:346,0
DA:347,0
DA:351,0
DA:354,0
DA:355,0
DA:395,1
DA:398,1
DA:399,1
DA:404,1
DA:405,1
DA:406,1
DA:407,1
DA:408,1
DA:409,1
DA:410,1
DA:411,1
DA:412,1
DA:425,0
DA:430,0
DA:435,0
DA:436,0
DA:437,0
DA:439,0
DA:447,6
DA:449,6
DA:450,0
DA:451,0
DA:452,0
DA:454,0
DA:462,6
DA:474,27
DA:477,27
DA:478,27
DA:480,27
DA:481,54
DA:482,54
DA:483,54
DA:484,27
DA:487,27
DA:488,27
DA:489,27
DA:491,27
DA:494,27
DA:495,27
DA:496,27
DA:501,27
DA:502,0
DA:504,27
DA:511,3
DA:522,6
DA:523,6
DA:525,6
DA:526,12
DA:527,12
DA:528,12
DA:532,12
DA:539,6
DA:540,6
DA:542,6
DA:561,3
DA:564,0
DA:567,3
DA:568,3
DA:570,3
DA:571,3
DA:573,3
DA:574,0
DA:577,0
DA:580,0
DA:586,0
DA:587,0
DA:592,0
DA:595,0
DA:599,0
DA:602,0
DA:611,3
DA:616,3
DA:618,0
DA:623,3
DA:625,3
DA:628,3
DA:631,3
DA:632,3
DA:636,3
DA:639,3
DA:645,3
DA:648,3
DA:649,3
DA:652,3
DA:654,3
DA:661,0
DA:662,0
DA:663,0
DA:678,0
DA:679,0
DA:682,0
DA:685,0
DA:691,9
DA:709,9
DA:712,0
DA:715,9
DA:716,9
DA:718,9
DA:719,9
DA:721,9
DA:722,0
DA:724,0
DA:727,0
DA:731,0
DA:732,0
DA:737,0
DA:740,0
DA:744,0
DA:747,0
DA:756,9
DA:761,9
DA:763,3
DA:768,6
DA:770,6
DA:773,0
DA:776,0
DA:777,0
DA:781,0
DA:784,0
DA:790,0
DA:793,0
DA:794,0
DA:797,0
DA:799,0
DA:805,0
DA:806,0
DA:815,6
DA:817,6
DA:819,6
DA:824,0
DA:825,0
DA:826,0
DA:828,0
DA:829,0
DA:831,0
DA:834,0
DA:838,0
DA:839,0
DA:844,0
DA:847,0
DA:850,0
DA:851,0
DA:855,0
DA:866,0
DA:867,0
DA:868,0
DA:870,0
DA:871,0
DA:873,0
DA:876,0
DA:880,0
DA:881,0
DA:886,0
DA:889,0
DA:892,0
DA:893,0
DA:897,0
DA:917,1
DA:920,1
DA:921,1
DA:922,1
DA:924,1
DA:927,1
DA:928,1
DA:929,1
DA:930,1
DA:931,1
DA:935,1
DA:940,1
DA:946,0
DA:954,4
DA:955,4
DA:958,4
DA:959,0
DA:960,0
DA:964,4
DA:965,4
DA:966,4
DA:967,4
DA:968,4
DA:975,4
DA:976,4
DA:978,4
DA:980,0
DA:982,0
DA:983,0
DA:985,0
DA:990,4
DA:991,1
DA:995,4
DA:996,2
DA:998,4
DA:1001,4
DA:1004,4
DA:1007,4
DA:1008,1
DA:1011,4
DA:1012,4
DA:1020,0
DA:1033,0
DA:1034,0
DA:1036,0
DA:1037,0
DA:1041,0
DA:1042,0
DA:1049,0
DA:1050,0
DA:1052,0
DA:1060,0
DA:1062,0
DA:1064,0
DA:1067,0
DA:1069,0
DA:1077,0
DA:1082,0
DA:1084,0
DA:1085,0
DA:1088,0
DA:1093,0
DA:1095,0
DA:1099,0
DA:1100,0
DA:1103,0
DA:1106,0
DA:1109,0
DA:1112,0
DA:1114,0
DA:1116,0
DA:1118,0
DA:1125,0
DA:1126,0
DA:1132,0
DA:1133,0
DA:1151,1
DA:1152,1
DA:1154,1
DA:1155,1
DA:1156,1
DA:1157,1
DA:1158,1
DA:1163,1
DA:1170,1
DA:1173,1
DA:1180,7
DA:1181,7
DA:1183,7
DA:1185,0
DA:1188,7
DA:1190,3
DA:1191,3
DA:1192,3
DA:1198,3
DA:1200,3
DA:1202,3
DA:1204,4
DA:1206,3
DA:1207,3
DA:1208,3
DA:1209,3
DA:1216,3
DA:1217,3
DA:1219,3
DA:1230,3
DA:1231,3
DA:1232,1
DA:1234,3
DA:1235,3
DA:1237,3
DA:1240,3
DA:1241,3
DA:1242,0
DA:1244,3
DA:1257,0
DA:1258,0
DA:1259,0
DA:1260,0
DA:1261,0
DA:1262,0
DA:1268,0
DA:1271,0
DA:1272,0
DA:1273,0
DA:1274,0
DA:1275,0
DA:1277,0
DA:1279,0
DA:1283,0
DA:1284,0
DA:1287,0
DA:1293,0
DA:1302,4
DA:1304,2
DA:1307,2
DA:1309,2
DA:1311,0
DA:1312,0
DA:1315,2
DA:1317,2
DA:1319,1
DA:1320,1
DA:1327,19
DA:1328,19
DA:1331,19
DA:1332,19
DA:1334,19
DA:1335,36
DA:1336,36
DA:1337,36
DA:1338,19
DA:1341,19
DA:1343,19
DA:1345,17
DA:1348,17
DA:1350,17
DA:1354,19
DA:1361,112
DA:1362,112
DA:1363,112
DA:1368,84
DA:1384,1
DA:1387,1
DA:1388,1
DA:1389,1
DA:1390,1
DA:1391,1
DA:1410,1
DA:1412,1
DA:1413,1
DA:1418,0
DA:1419,0
DA:1426,0
DA:1427,0
DA:1431,0
DA:1432,0
DA:1436,0
DA:1444,0
DA:1453,0
DA:1462,0
DA:1467,0
DA:1468,0
DA:1473,0
DA:1474,0
DA:1479,0
DA:1484,0
DA:1485,0
DA:1492,0
DA:1499,0
DA:1500,0
DA:1507,0
DA:1514,0
DA:1515,0
DA:1525,0
DA:1526,0
DA:1535,0
DA:1536,0
DA:1558,0
DA:1559,0
DA:1560,0
DA:1561,0
DA:1562,0
DA:1567,0
DA:1571,0
DA:1575,0
DA:1576,0
DA:1604,0
DA:1605,0
DA:1606,0
DA:1607,0
DA:1608,0
DA:1613,0
DA:1617,0
DA:1618,0
DA:1620,0
DA:1621,0
DA:1625,0
DA:1626,0
DA:1628,0
DA:1629,0
DA:1630,0
DA:1631,0
DA:1632,0
DA:1635,0
DA:1663,12
DA:1664,12
DA:1665,12
DA:1684,6
DA:1685,6
DA:1686,6
DA:1687,6
DA:1714,1
DA:1720,1
DA:1721,1
DA:1727,34
DA:1729,34
DA:1730,0
DA:1731,34
DA:1732,6
DA:1733,28
DA:1736,0
DA:1738,28
DA:1741,34
DA:1747,8
DA:1748,8
DA:1750,8
DA:1761,0
DA:1762,0
DA:1764,0
DA:1770,224
DA:1771,224
DA:1772,224
DA:1774,224
DA:1775,4
DA:1776,4
DA:1778,4
DA:1779,4
DA:1782,224
DA:1792,109
DA:1793,109
DA:1803,7
DA:1804,7
DA:1811,1
DA:1817,3
DA:1822,1
DA:1823,1
DA:1824,1
DA:1827,1
DA:1831,1
LF:511
LH:285
end_of_record
TN:
SF:cadence/contracts/mocks/MockOracle.cdc
DA:22,103
DA:27,102
DA:28,56
DA:30,46
DA:37,0
DA:38,0
DA:40,0
DA:42,0
DA:43,0
DA:44,0
DA:45,0
DA:47,0
DA:52,11
DA:56,0
DA:57,0
DA:58,0
DA:60,0
DA:64,1
DA:66,1
DA:67,1
LF:20
LH:8
end_of_record
TN:
SF:cadence/contracts/mocks/MockStrategy.cdc
DA:20,0
DA:23,0
DA:26,0
DA:29,0
DA:35,0
DA:38,0
DA:41,0
DA:44,0
DA:56,0
DA:57,0
DA:58,0
DA:62,0
DA:66,0
DA:71,0
DA:76,0
DA:82,0
DA:83,0
DA:85,0
DA:93,0
DA:96,0
DA:99,0
DA:106,0
DA:107,0
DA:112,0
DA:113,0
DA:114,0
DA:123,0
DA:126,0
DA:128,0
DA:130,0
DA:136,1
DA:138,1
LF:32
LH:2
end_of_record
TN:
SF:cadence/contracts/mocks/MockSwapper.cdc
DA:21,3
DA:24,3
DA:39,0
DA:41,0
DA:44,0
DA:45,0
DA:46,0
DA:47,0
DA:52,0
DA:57,0
DA:63,0
DA:68,0
DA:77,0
DA:86,0
DA:91,0
DA:93,0
DA:95,0
DA:96,0
DA:105,0
DA:106,0
DA:107,0
DA:109,0
DA:110,0
DA:112,0
DA:113,0
DA:115,0
DA:118,0
DA:123,1
LF:28
LH:3
end_of_record
TN:
SF:cadence/contracts/Tidal.cdc
DA:55,0
DA:63,0
DA:70,0
DA:100,0
DA:102,0
DA:117,1
DA:122,0
DA:126,0
DA:130,0
DA:139,0
DA:142,0
DA:145,0
DA:151,0
DA:153,0
DA:156,0
DA:157,0
DA:161,0
DA:162,0
DA:163,0
DA:165,0
DA:169,0
DA:185,0
DA:204,0
DA:205,0
DA:206,0
DA:211,0
DA:213,0
DA:218,0
DA:222,0
DA:226,0
DA:232,0
DA:233,0
DA:237,0
DA:241,0
DA:246,0
DA:249,0
DA:250,0
DA:251,0
DA:252,0
DA:256,0
DA:260,0
DA:264,0
DA:269,0
DA:271,0
DA:274,0
DA:275,0
DA:278,0
DA:280,0
DA:282,0
DA:286,0
DA:301,0
DA:306,0
DA:310,0
DA:314,0
DA:318,0
DA:322,0
DA:323,0
DA:324,0
DA:326,0
DA:335,0
DA:341,0
DA:344,0
DA:345,0
DA:350,0
DA:353,0
DA:354,0
DA:359,0
DA:362,0
DA:369,0
DA:372,0
DA:373,0
DA:379,0
DA:382,0
DA:383,0
DA:384,0
DA:385,0
DA:393,0
DA:397,0
DA:402,0
DA:406,0
DA:410,0
DA:414,0
DA:421,0
DA:426,1
DA:427,1
DA:428,1
DA:430,1
DA:431,1
DA:432,1
DA:435,1
DA:436,1
DA:437,1
LF:92
LH:10
end_of_record
TN:
SF:cadence/contracts/TidalYieldAutoBalancers.cdc
DA:28,0
DA:34,0
DA:35,0
DA:53,0
DA:54,0
DA:55,0
DA:56,0
DA:57,0
DA:59,0
DA:63,0
DA:72,0
DA:73,0
DA:76,0
DA:77,0
DA:80,0
DA:81,0
DA:84,0
DA:85,0
DA:86,0
DA:88,0
DA:90,0
DA:97,0
DA:98,0
DA:106,0
DA:107,0
DA:109,0
DA:111,0
DA:112,0
DA:113,0
DA:116,0
DA:117,0
DA:121,1
LF:32
LH:1
end_of_record
TN:
SF:cadence/contracts/TidalYieldStrategies.cdc
DA:52,0
DA:53,0
DA:54,0
DA:55,0
DA:62,0
DA:66,0
DA:70,0
DA:75,0
DA:76,0
DA:78,0
DA:82,0
DA:90,0
DA:95,0
DA:101,0
DA:111,0
DA:114,0
DA:115,0
DA:116,0
DA:117,0
DA:120,0
DA:130,0
DA:132,0
DA:137,0
DA:143,0
DA:152,0
DA:154,0
DA:157,0
DA:164,0
DA:165,0
DA:168,0
DA:174,0
DA:178,0
DA:180,0
DA:193,0
DA:196,0
DA:198,0
DA:200,0
DA:206,1
DA:208,1
LF:39
LH:2
end_of_record
TN:
SF:cadence/contracts/mocks/YieldToken.cdc
DA:33,1
DA:37,0
DA:46,0
DA:48,0
DA:53,0
DA:59,0
DA:60,0
DA:71,0
DA:78,0
DA:82,0
DA:86,0
DA:112,4
DA:117,0
DA:118,0
DA:120,0
DA:124,0
DA:128,0
DA:132,0
DA:133,0
DA:134,0
DA:138,0
DA:142,0
DA:146,0
DA:147,0
DA:151,2
DA:152,2
DA:153,2
DA:154,2
DA:156,2
DA:160,0
DA:173,1
DA:182,2
DA:183,2
DA:184,2
DA:185,2
DA:191,1
DA:193,1
DA:194,1
DA:195,1
DA:196,1
DA:197,1
DA:204,1
DA:205,1
DA:206,1
DA:207,1
DA:208,1
DA:211,1
DA:213,1
DA:217,1
LF:49
LH:26
end_of_record
TN:
SF:S../test_helpers.cdc
DA:11,25
DA:16,27
DA:22,27
DA:30,1
DA:35,1
DA:36,1
DA:41,1
DA:42,1
DA:47,1
DA:48,1
DA:53,1
DA:56,1
DA:57,1
DA:62,1
DA:63,1
DA:68,1
DA:71,1
DA:72,1
DA:77,1
DA:78,1
DA:83,1
DA:84,1
DA:89,1
DA:91,1
DA:96,1
DA:99,1
DA:104,1
DA:105,1
DA:110,1
DA:111,1
DA:116,1
DA:119,1
DA:124,1
DA:129,0
DA:139,0
DA:140,0
DA:141,0
DA:146,0
DA:147,0
DA:148,0
DA:153,0
DA:154,0
DA:155,0
DA:160,0
DA:161,0
DA:162,0
DA:169,1
DA:174,1
DA:186,1
DA:191,1
DA:196,6
DA:201,6
DA:206,1
DA:207,1
DA:212,1
DA:213,1
DA:218,1
DA:219,1
DA:224,1
DA:225,1
DA:230,1
DA:236,2
DA:242,2
DA:243,2
DA:248,0
DA:252,0
DA:263,0
DA:267,0
DA:272,0
DA:273,0
DA:278,0
DA:279,0
DA:284,0
DA:285,0
DA:286,0
DA:291,0
DA:292,0
DA:293,0
DA:302,0
DA:303,0
DA:304,0
DA:305,0
DA:306,0
DA:307,0
DA:308,0
DA:309,0
DA:315,0
DA:317,0
DA:318,0
DA:319,0
DA:320,0
DA:321,0
DA:322,0
DA:325,0
DA:326,0
DA:327,0
DA:328,0
DA:329,0
DA:330,0
DA:336,8
DA:337,8
DA:338,8
DA:339,8
DA:340,8
DA:341,8
DA:344,8
DA:350,8
DA:351,0
DA:352,0
DA:353,0
DA:356,8
DA:358,8
DA:359,8
DA:365,0
DA:366,0
DA:367,0
DA:368,0
DA:369,0
DA:370,0
DA:371,0
DA:373,0
DA:374,0
DA:380,7
DA:381,7
DA:382,7
DA:383,7
DA:384,7
DA:390,0
DA:391,0
DA:392,0
DA:393,0
DA:394,0
DA:396,0
DA:402,0
DA:403,0
DA:404,0
DA:405,0
DA:406,0
DA:412,0
DA:413,0
DA:414,0
DA:415,0
DA:416,0
DA:419,0
DA:420,0
DA:421,0
DA:422,0
DA:423,0
DA:424,0
DA:431,3
DA:436,3
DA:441,3
DA:446,3
DA:451,0
DA:454,0
DA:455,0
DA:460,19
DA:463,19
DA:464,19
DA:469,6
DA:472,6
DA:473,6
DA:481,6
DA:482,6
DA:484,6
DA:485,6
DA:486,6
DA:487,6
DA:488,6
DA:489,6
DA:490,6
DA:491,6
DA:492,6
DA:493,6
DA:494,6
DA:495,6
DA:497,6
DA:498,6
DA:500,6
DA:501,12
DA:502,6
DA:503,6
DA:504,6
DA:505,6
DA:506,6
DA:507,6
DA:508,6
DA:509,6
DA:514,6
DA:515,6
DA:517,6
DA:518,6
DA:519,6
DA:520,6
DA:521,6
DA:522,6
DA:536,0
DA:538,0
DA:539,0
DA:540,0
DA:541,0
DA:542,0
DA:543,0
DA:544,0
DA:545,0
DA:546,0
DA:547,0
DA:548,0
DA:549,0
DA:550,0
DA:551,0
DA:552,0
DA:553,0
DA:554,0
DA:555,0
DA:556,0
DA:557,0
DA:560,0
DA:561,0
DA:562,0
DA:565,0
DA:566,0
DA:567,0
DA:568,0
DA:569,0
DA:571,0
DA:572,0
DA:573,0
DA:574,0
DA:576,0
DA:579,0
DA:580,0
DA:594,0
DA:595,0
DA:596,0
DA:597,0
DA:598,0
DA:599,0
DA:600,0
DA:601,0
DA:602,0
DA:605,0
DA:608,0
DA:639,0
DA:640,0
DA:641,0
DA:642,0
DA:643,0
DA:644,0
DA:645,0
DA:652,0
DA:653,0
DA:654,0
DA:655,0
DA:658,0
DA:659,0
DA:660,0
DA:665,0
DA:666,0
DA:668,0
DA:673,0
DA:674,0
DA:676,0
DA:681,0
DA:682,0
DA:684,0
DA:688,0
DA:689,0
DA:698,0
DA:701,0
DA:702,0
DA:708,0
DA:719,0
DA:720,0
LF:274
LH:111
end_of_record
TN:
SF:s.9ab8f4bed693fb4162c9c62332232612cd3452b078d1535c6d71ec7c71208767
DA:9,6
DA:10,6
LF:2
LH:2
end_of_record
TN:
SF:s.9fc6db02eb011ccfed5136f51badb20208b2a6ff61eeb9b24325e567e205a448
DA:9,19
DA:10,19
LF:2
LH:2
end_of_record
TN:
SF:t.039be159390f6650ed3905de927df4714d6b3d8dcdb6b581699fbe0441b61b8a
DA:6,1
DA:9,1
DA:11,1
DA:14,1
LF:4
LH:4
end_of_record
TN:
SF:t.0477f21ae12ba0a90e1b010cdd626a9d1a63ccf645add22ff3bf8267d6ce74b6
DA:6,1
DA:9,1
DA:11,1
DA:14,1
LF:4
LH:4
end_of_record
TN:
SF:t.05231ec91450694795095c7be5b17aca02f79113ed2f43570c812c7c156098ec
DA:5,1
DA:8,1
DA:9,1
DA:13,1
DA:14,0
LF:5
LH:4
end_of_record
TN:
SF:t.055831ba9db4ee8e835b1c7eba2dfe77336ce7a9a7a31c87aef96dcf8a8ea8fb
DA:27,1
DA:29,0
DA:31,0
DA:33,0
DA:34,0
DA:37,1
DA:38,1
DA:39,1
DA:41,1
DA:45,1
DA:47,1
DA:49,1
DA:54,1
DA:61,1
DA:66,1
DA:73,1
LF:16
LH:12
end_of_record
TN:
SF:t.069b9be88ad7da88c0230538bb0f4c3099e2afc95773d796ab5fd3f35be0c274
DA:4,1
LF:1
LH:1
end_of_record
TN:
SF:t.07b32cf1c2bc1e516994eb47641c338917ee074ce1eee89feecdd0b56cb7eca3
DA:4,1
DA:5,1
LF:2
LH:2
end_of_record
TN:
SF:t.0848581584055cf5ad14aa940f34032177cae35cd1838ff235076d88e9f4246b
DA:7,1
DA:12,1
LF:2
LH:2
end_of_record
TN:
SF:t.089833d285884dcf5976a68ed5a96759376cf436a552fc1b3149f08417322010
DA:12,1
DA:17,1
LF:2
LH:2
end_of_record
TN:
SF:t.093af1e8e9ac48ac41531afd835bedaf21517dce1828c889874cf7c762e3f561
DA:6,1
DA:9,1
DA:11,1
DA:14,1
LF:4
LH:4
end_of_record
TN:
SF:t.0a28c91ca2b06ab4cc6c8c516e5d815d910e3f3bfe683e8ed84166c7697f0b97
DA:4,1
LF:1
LH:1
end_of_record
TN:
SF:t.0abbbc07bf72367a740c3e780b6a63290bfebf345062c3da593331f671263ced
DA:6,1
DA:9,1
DA:11,1
DA:14,1
LF:4
LH:4
end_of_record
TN:
SF:t.0b6f6db6859db6ab41fa68943f8e1d5ce543d58ac04da66893ff897785a92a9f
DA:12,1
DA:16,1
LF:2
LH:2
end_of_record
TN:
SF:t.0c43cd0cf2fe236d3eea7d5914353eda0b060a8c7637123bd9192cc209febce7
DA:6,1
DA:9,1
DA:11,1
DA:14,1
LF:4
LH:4
end_of_record
TN:
SF:t.0c865429180806075403a54fe7e3876e7f1dec388c764307df54a69fcbf4717d
DA:6,1
DA:9,1
DA:11,1
DA:14,1
LF:4
LH:4
end_of_record
TN:
SF:t.109f8f33bc4945c2d3faff8aee29abc36037e0edfe68bbca32008a7aaaaa0d6f
DA:6,1
DA:10,1
DA:12,1
LF:3
LH:3
end_of_record
TN:
SF:t.1115964e25a41f26330ee8d0688829ffe1e2bb035246a48a18117466da9cfea8
DA:6,1
DA:9,1
DA:11,1
DA:14,1
LF:4
LH:4
end_of_record
TN:
SF:t.11460e1e3b6e90030c9d334307527f174052ca86ba224b8fa5ebb48a9e609045
DA:6,1
DA:9,1
DA:11,1
DA:14,1
LF:4
LH:4
end_of_record
TN:
SF:t.1231a401ab6a2dffe5e6c2bb5bd747010a3ff5d3e315a1425f59e95b92857142
DA:6,1
DA:9,1
DA:11,1
DA:14,1
LF:4
LH:4
end_of_record
TN:
SF:t.13b804de7af16ef66ccb265351de81327b4717cdbd444593e43290065d89cfe8
DA:6,1
DA:9,1
DA:11,1
DA:14,1
LF:4
LH:4
end_of_record
TN:
SF:t.15094b714be4ff8a4d0109dccdd9431df24a53f4017a2c1196b401b9b0865e41
DA:5,1
DA:8,1
DA:9,1
DA:13,1
DA:14,0
LF:5
LH:4
end_of_record
TN:
SF:t.15d4f326b45de7c8e6992c089ceb39f4baf412fe9017977430ea74d617607583
DA:6,1
DA:9,1
DA:11,1
DA:14,1
LF:4
LH:4
end_of_record
TN:
SF:t.1745c135dc86049bdc05675527fa517ba14af1ba78b2bb23b3a0fb4f9fbeffac
DA:3,1
LF:1
LH:1
end_of_record
TN:
SF:t.174c22a3a8d934ec94e94be04a3281cb6fb1a6fb4451d8d55d58df16335fdc9e
DA:3,1
LF:1
LH:1
end_of_record
TN:
SF:t.18ca98205629e98b9652bbe801d48784ee6ec1f6bb97684e06cc5300eaad6ea9
DA:6,1
DA:9,1
DA:11,1
DA:14,1
LF:4
LH:4
end_of_record
TN:
SF:t.18e9d4a3fc274b59e1da8779e3ca2ae30534f0960da174759167dbb2510cacf7
DA:7,1
DA:12,1
LF:2
LH:2
end_of_record
TN:
SF:t.1a080854d66c39e42cee580d0e84a746fa760907b9f324b85cfb71d6700111a8
DA:16,1
DA:18,1
DA:23,1
LF:3
LH:3
end_of_record
TN:
SF:t.23fed74d09569865907596e8082809c45079010e923066f79879437371b65b82
DA:6,1
DA:9,1
DA:11,1
DA:14,1
LF:4
LH:4
end_of_record
TN:
SF:t.27f4e4b31813f499fab5f2a4a0930fe26d37f4218247304cda7f079668a07c8c
DA:6,1
DA:9,1
DA:11,1
DA:14,1
LF:4
LH:4
end_of_record
TN:
SF:t.28f91db9d415b703acc6f9fb589d64f6375baa7052e66f3782b3fe0f3279b615
DA:6,1
DA:9,1
DA:11,1
DA:14,1
LF:4
LH:4
end_of_record
TN:
SF:t.2b1589f00a94b45a9feae6b006bbd1b7a81acb0060fbec1e37853ac29a561395
DA:6,1
DA:9,1
DA:11,1
DA:14,1
LF:4
LH:4
end_of_record
TN:
SF:t.2c090b94299c5aa64ecd21010695854e6c982b907b166559eaade986672958c8
DA:6,1
DA:9,1
DA:11,1
DA:14,1
LF:4
LH:4
end_of_record
TN:
SF:t.2cce06d0e1633e8e3229d22c40b512da9bf8ded93d2e6ecafde2a50205180aef
DA:6,1
DA:9,1
DA:11,1
DA:14,1
LF:4
LH:4
end_of_record
TN:
SF:t.2d20453e2733a232b9b111cd75cf3bb5158f1c690aecb176b9e55196b51a2b04
DA:6,1
DA:9,1
DA:11,1
DA:14,1
LF:4
LH:4
end_of_record
TN:
SF:t.2ed4b20fb7006de090270f3c5eee1fb9857a36c3f2d486938a5f738fa007fd26
DA:6,1
DA:9,1
DA:11,1
DA:14,1
LF:4
LH:4
end_of_record
TN:
SF:t.31388ef0a5dd01f634dcf9d1f980f6a60da94b394995e84775fad2f6ca20bffb
DA:6,1
DA:9,1
DA:11,1
DA:14,1
LF:4
LH:4
end_of_record
TN:
SF:t.3178f9ca902f1503fb778944e60ec6e98073ac3b7a3889dca77ae851a81d850b
DA:6,1
DA:9,1
DA:11,1
DA:14,1
LF:4
LH:4
end_of_record
TN:
SF:t.33fbd109454cd42f41d584879a044fc892e9700b982c177618d50e588290d0c9
DA:6,1
DA:9,1
DA:11,1
DA:14,1
LF:4
LH:4
end_of_record
TN:
SF:t.348fae9a47f9cd93561566331f066690c26bfcfbbb38b25dd55b356cbe0c10e1
DA:6,1
DA:9,1
DA:11,1
DA:14,1
LF:4
LH:4
end_of_record
TN:
SF:t.36445ca0493865b3732d01edba985c2620aa1eda25922e5cdd8a9052fccecbb6
DA:5,1
DA:8,1
DA:9,1
DA:13,1
DA:14,0
LF:5
LH:4
end_of_record
TN:
SF:t.36e2096e1249412d1437c2ad0ab08ab83d34911c9d88880b34e681859dafbb8d
DA:6,1
DA:9,1
DA:11,1
DA:14,1
LF:4
LH:4
end_of_record
TN:
SF:t.371ef8b213482b9205a2263fd9327ffd2117b528dcb87476f684a866c81b06ca
DA:6,1
DA:9,1
DA:11,1
DA:14,1
LF:4
LH:4
end_of_record
TN:
SF:t.379c499d9c5554b0d00fd8048a64d10ff6087f9eadd58eae0ab857f09a39095f
DA:6,1
DA:9,1
DA:11,1
DA:14,1
LF:4
LH:4
end_of_record
TN:
SF:t.39af000d8003c9e7cfa14ff38f016be69b1ab0daedac289162c23b78a2707e0a
DA:12,1
DA:16,1
LF:2
LH:2
end_of_record
TN:
SF:t.39f51c7e203639644b21f60e0e36208b0b27722d70b38a2211907effad968287
DA:5,1
DA:8,1
DA:9,1
DA:13,1
DA:14,0
LF:5
LH:4
end_of_record
TN:
SF:t.3a30ecbcf6619b0cdc267e99dba6f166e173468884d49b0aafbecb8fc3ee79d4
DA:12,1
DA:16,1
LF:2
LH:2
end_of_record
TN:
SF:t.3bc5f6a84739cb9c1eb040c15419f00cc368ef47e86e0c16c88f2d303f822fdc
DA:6,1
DA:9,1
DA:11,1
DA:14,1
LF:4
LH:4
end_of_record
TN:
SF:t.3de59ea45e01419a1f0beb4caec633bd975e91102ad06f7f477fd40db555b936
DA:4,1
LF:1
LH:1
end_of_record
TN:
SF:t.3efbae8d27e57a2035ebc26d7df03e1eb3ee4b45dafd1092636fc9e14d73dcc6
DA:3,1
DA:4,1
LF:2
LH:2
end_of_record
TN:
SF:t.408b893c1ec88f404e37ec65776bfe9e495225546e98857fe18c93e6a827d368
DA:4,1
LF:1
LH:1
end_of_record
TN:
SF:t.41cb4367a555befc45af2ac15c899e93a2aa217a15d6f88b9b41fba5d4f538fe
DA:6,1
DA:9,1
DA:11,1
DA:14,1
LF:4
LH:4
end_of_record
TN:
SF:t.41cbe7bc2b275bc8d1fa440801002f7ce2160da62697b5dc6970b2163b5e1fbb
DA:6,1
DA:9,1
DA:11,1
DA:14,1
LF:4
LH:4
end_of_record
TN:
SF:t.466c42a9c77a6b65e65e7e3c1f27036717cb453a94a385248493b9af2a30f4f7
DA:6,1
DA:9,1
DA:11,1
DA:14,1
LF:4
LH:4
end_of_record
TN:
SF:t.49cf892936f8ec4e4b5e4bf9f133274f177b085446669bf1ae113c1b03a4a6c6
DA:4,1
LF:1
LH:1
end_of_record
TN:
SF:t.4a494e9a6779c4c0f62911034e12902b93852f82a265b3b8b758043066c81053
DA:3,1
LF:1
LH:1
end_of_record
TN:
SF:t.4fa4efe89196e7e05a905b9e91b7cffc6154073b2b4f83d215a1780027964177
DA:6,1
DA:9,1
DA:11,1
DA:14,1
LF:4
LH:4
end_of_record
TN:
SF:t.50290f51b3fc631e2ab0b58fa4495ddbb7b54459864a10d7f28ef2cc56af8dc1
DA:19,1
DA:23,1
DA:29,1
LF:3
LH:3
end_of_record
TN:
SF:t.5111b4603e23b0dc055c3e9897f8e93b76fba5e3b6c7f4b9e735e8fe9c94a914
DA:6,1
DA:9,1
DA:11,1
DA:14,1
LF:4
LH:4
end_of_record
TN:
SF:t.516069c096664315e28a164b944c9456cc70fc0d65032b476ad0d4721e736098
DA:6,1
DA:9,1
DA:11,1
DA:14,1
LF:4
LH:4
end_of_record
TN:
SF:t.51cc20374d74a4eaf93e58bb4e7b3b0f3122689fa728be862cd5f187c2ed7c2c
DA:10,1
DA:14,1
DA:20,1
DA:21,1
DA:23,1
DA:25,1
LF:6
LH:6
end_of_record
TN:
SF:t.51f058a2b5c98a77add55ee4066e2093041ebdd83debc60bcb30144c1ce87578
DA:6,1
DA:9,1
DA:11,1
DA:14,1
LF:4
LH:4
end_of_record
TN:
SF:t.54a921cc3d50c3e891eb7cfcd728ba13314e1c0c193c22922a4e02c7345e6eba
DA:6,1
DA:9,1
DA:11,1
DA:14,1
LF:4
LH:4
end_of_record
TN:
SF:t.562317e022bf110f81bac6af4cbd1c650e88804343d362ebdab5c567c4baefcd
DA:6,1
DA:9,1
DA:11,1
DA:14,1
LF:4
LH:4
end_of_record
TN:
SF:t.56f585eebd33cecccfc904e58b21ebe6be30e99e9ff8ae8634ee2323e53c9e05
DA:6,1
DA:9,1
DA:11,1
DA:14,1
LF:4
LH:4
end_of_record
TN:
SF:t.58c9f45a01682bd0dcf576a6815bbc39a2f743181041ed402a458602f2f17514
DA:5,1
DA:8,1
DA:9,1
DA:13,1
DA:14,0
LF:5
LH:4
end_of_record
TN:
SF:t.5a7d0db6d310912667829ee52c27fd1daf4d7abe2dedab10aef4529278b1fee3
DA:6,1
DA:9,1
DA:11,1
DA:14,1
LF:4
LH:4
end_of_record
TN:
SF:t.5b37c68b30a7c318e5999050be2388ab6000c59a3f82ed0641c0e687fa2ec741
DA:6,1
DA:9,1
DA:11,1
DA:14,1
LF:4
LH:4
end_of_record
TN:
SF:t.5b93fcde918e40f7ad6c82244c45df6e5c47a54ce806335414675e57c07f679d
DA:6,1
DA:9,1
DA:11,1
DA:14,1
LF:4
LH:4
end_of_record
TN:
SF:t.5ba1d717560c5c9bc075a948ec13ae408fde64097f1b66d3f885c188eefc5542
DA:6,1
DA:9,1
DA:11,1
DA:14,1
LF:4
LH:4
end_of_record
TN:
SF:t.5d7123816f04e9d9a045150dbf38c076a4812ee691c6f55733ec90a405d2bb77
DA:6,1
DA:9,1
DA:11,1
DA:14,1
LF:4
LH:4
end_of_record
TN:
SF:t.5e6beaa43775c35ed4ac4dcf0f7a83bbf43bcbf7a563285d9019f2331f105885
DA:6,1
DA:9,1
DA:11,1
DA:14,1
LF:4
LH:4
end_of_record
TN:
SF:t.6355f4158abd89c8b40821f776c762cff577e9c23329a447c13d714940ae0bfa
DA:6,1
DA:9,1
DA:11,1
DA:14,1
LF:4
LH:4
end_of_record
TN:
SF:t.646ae4b03e0afa740a2f7df3edbf05b9eba36bd833b67c93762aa3a7872d259d
DA:6,1
DA:9,1
DA:11,1
DA:14,1
LF:4
LH:4
end_of_record
TN:
SF:t.65b3fe830cf599a65bc4c36e7de180f9faa1911343ec648a13e8249f1c1f7d8d
DA:5,1
DA:8,1
DA:9,1
DA:13,1
DA:14,0
LF:5
LH:4
end_of_record
TN:
SF:t.67ca805e92962eb772ea9c70f1ce6ddda01b7d66dd2db8a2605f51642ada27d4
DA:6,1
DA:9,1
DA:11,1
DA:14,1
LF:4
LH:4
end_of_record
TN:
SF:t.68e806970880ebab71d0fc22af8573c6c760523e6c9b47250010a15d74b7c0a5
DA:3,1
LF:1
LH:1
end_of_record
TN:
SF:t.69be44f9c341051471c31c5242e7c30660b06fe7d0a125b9f8a91e93f49bd8b7
DA:3,1
LF:1
LH:1
end_of_record
TN:
SF:t.6ac198fe560878ebaf40f66c504adb2b0bd8a8407d10375acf010e8dfd58d2d3
DA:5,1
DA:8,1
DA:9,1
DA:13,1
DA:14,0
LF:5
LH:4
end_of_record
TN:
SF:t.6aeec9c23c6ea4eebc47f960c1479c23144e3cc1419686c6f83de09acea40695
DA:4,1
LF:1
LH:1
end_of_record
TN:
SF:t.6ba3cf863244a2e22321483c0c1d90796f8f76d237becbf9b5acc36103bc96bf
DA:5,1
DA:8,1
DA:9,1
DA:13,1
DA:14,0
LF:5
LH:4
end_of_record
TN:
SF:t.6c315878940f47267a03d82e9e02fd35c35d68ba4337f4fa8676ef8036346eac
DA:5,1
DA:8,1
DA:9,1
DA:13,1
DA:14,0
LF:5
LH:4
end_of_record
TN:
SF:t.6e4b6b2a97daa0719e0d1a2d0d1527c7a3ea61c01881a5b680a5ca103169bd66
DA:6,1
DA:9,1
DA:11,1
DA:14,1
LF:4
LH:4
end_of_record
TN:
SF:t.6edef6478a65dc6b400f0e1dd60f1a6d5ac4760f4f766d93240735b506a6de05
DA:6,1
DA:9,1
DA:11,1
DA:14,1
LF:4
LH:4
end_of_record
TN:
SF:t.6fd5c459d9633fde92944055034dea7d0c8a24f4b0296b83496441ecfc52f311
DA:6,1
DA:9,1
DA:11,1
DA:14,1
LF:4
LH:4
end_of_record
TN:
SF:t.708085ee4dfdd262f63f14d3792ca2e1a33102eca3ad942f692af0e3d857f729
DA:6,1
DA:9,1
DA:11,1
DA:14,1
LF:4
LH:4
end_of_record
TN:
SF:t.7210ac0ed35196a46c71890285bc33f7c040291b22f889c1db4d19c4cef01124
DA:4,1
LF:1
LH:1
end_of_record
TN:
SF:t.72e6aa89c5a75a5273275b5da9cb4d9fb400420faca6e488245889ec31c2479b
DA:6,1
DA:9,1
DA:11,1
DA:14,1
LF:4
LH:4
end_of_record
TN:
SF:t.73da882d0338f652b28e858c3a598ec6596b344913457c801516793b572c54ca
DA:19,1
DA:23,1
DA:29,1
LF:3
LH:3
end_of_record
TN:
SF:t.74841bb7340d2b49c585fabe5e9f069677605b87a09328e8d0857b61e9a8b932
DA:6,1
DA:9,1
DA:11,1
DA:14,1
LF:4
LH:4
end_of_record
TN:
SF:t.786637f092d77c49c6a8f2cdea750943d5c8954d24c5a0abb9df40b553576809
DA:12,1
DA:16,1
LF:2
LH:2
end_of_record
TN:
SF:t.78901849038ffba988be769cb28c3701ee51c0cd21f9d7c1d1cd0bafb3e83391
DA:3,1
LF:1
LH:1
end_of_record
TN:
SF:t.7a1b71653eb2b4bfee6c758fafd4abc1a295a835b2380de78dfe1fa335fbe929
DA:12,1
DA:16,1
LF:2
LH:2
end_of_record
TN:
SF:t.7a7640f260dc92b9521686e2a7d596731ee516d2b89898cde97e5b3b7208d444
DA:4,1
LF:1
LH:1
end_of_record
TN:
SF:t.7db863f3f3ae492382da5a2cc1698a38b260ac536fa77fd37585d2c235e5a469
DA:7,1
DA:10,1
DA:13,1
DA:14,1
DA:15,1
DA:16,1
LF:6
LH:6
end_of_record
TN:
SF:t.7f56b4d253009004a81febd871809f90a69dd91af80e7bc1eda67cc24d8b0b96
DA:7,1
DA:12,1
LF:2
LH:2
end_of_record
TN:
SF:t.856b0539500869f5183b1291caf270a1350ed062eb0e82f5345040ea2fe07c94
DA:17,1
DA:20,1
DA:24,1
DA:25,4
DA:27,4
DA:28,4
DA:29,3
DA:32,4
DA:35,4
LF:9
LH:9
end_of_record
TN:
SF:t.872c063c9ab89e83b22e0d6ddad8d99bf85698c80d1df1c7a5ff539a9060f014
DA:3,1
LF:1
LH:1
end_of_record
TN:
SF:t.87e108aad537e04e4a8d785901bc1906b8cf3aea95b6ad2a465cc890ec429678
DA:3,1
DA:4,1
LF:2
LH:2
end_of_record
TN:
SF:t.884b45b44cb9caf3835113ba73b5b955bbaca65e5faa0a40c98309a7b6b92b5b
DA:6,1
DA:9,1
DA:11,1
DA:14,1
LF:4
LH:4
end_of_record
TN:
SF:t.886889bead3a7cfecbaad1718d90e820558cf5b97e47151ee8f5ea8415bedbb0
DA:5,1
DA:8,1
DA:9,1
DA:13,1
DA:14,0
LF:5
LH:4
end_of_record
TN:
SF:t.88b3f5a1861592325a47e5abc9ed0f1f234f7e2ac9c4a3e4e5e4410c534c0e6c
DA:3,1
DA:4,1
LF:2
LH:2
end_of_record
TN:
SF:t.89a49022f9736411b7525cbf80efd292ef959b8eaf11c3fafb4901640e006cfc
DA:5,1
DA:8,1
DA:9,1
DA:13,1
DA:14,0
LF:5
LH:4
end_of_record
TN:
SF:t.8ba458bd54575699c81a15df9b74f4ad998b9d9004f957fa23e6028af237c6df
DA:3,1
DA:4,1
LF:2
LH:2
end_of_record
TN:
SF:t.8bb3e8d29b3b9bc6c8b137e315eec41e7081893f59b7d16dfce0407d7ced97b2
DA:11,1
DA:13,1
DA:15,1
DA:16,1
DA:17,1
DA:19,1
DA:22,1
LF:7
LH:7
end_of_record
TN:
SF:t.8cffe48068b748c4dc5005fd83a8e40400dd54eac0d55753bc5c5cd7cf3369a9
DA:6,1
DA:9,1
DA:11,1
DA:14,1
LF:4
LH:4
end_of_record
TN:
SF:t.8edd9d75a6c92a79aa15dfb4eeff995ff0abfb898772cdbb95f79932ce9a7cbd
DA:6,1
DA:9,1
DA:11,1
DA:14,1
LF:4
LH:4
end_of_record
TN:
SF:t.908036ae61da913738c43acd0b004a293575ba755fbde3a7609dc26579b8c3b2
DA:6,1
DA:9,1
DA:11,1
DA:14,1
LF:4
LH:4
end_of_record
TN:
SF:t.90b2eecfd61e420626a91eaac05d3c15479da23f6be56f8ad43f7cae7d16e827
DA:5,1
DA:8,1
DA:9,1
DA:13,1
DA:14,0
LF:5
LH:4
end_of_record
TN:
SF:t.90b8d7accf533ad654d15a342f1344eb760f20a7515e628effc197d87f1c49e9
DA:6,1
DA:9,1
DA:11,1
DA:14,1
LF:4
LH:4
end_of_record
TN:
SF:t.923329750c22b6df29a5334a164faed933d160b8d318b90224dee64943a4a658
DA:12,1
DA:16,1
LF:2
LH:2
end_of_record
TN:
SF:t.92b89717bdde77e438754ab8dfb6395e7810faa7c21a5035190e6ec5b509ce57
DA:4,1
LF:1
LH:1
end_of_record
TN:
SF:t.9409d04f7ec897c68080fbbcba4ece502dacde4caf192d4147ee4d620bfcf726
DA:7,1
DA:12,1
LF:2
LH:2
end_of_record
TN:
SF:t.9542f515bff69436adceac861c98fbe105f65abfdb62a92ef99b9f4127030b8c
DA:10,1
DA:13,1
DA:18,1
LF:3
LH:3
end_of_record
TN:
SF:t.9737da150be3e76fadaf227d14e34fe669f961e137cee00397f29908d1da5690
DA:6,1
DA:9,1
DA:11,1
DA:14,1
LF:4
LH:4
end_of_record
TN:
SF:t.9d181562742f5c84b626acc97b333e06c60779101f2c7e1e02287d605ccdf10f
DA:6,1
DA:9,1
DA:11,1
DA:14,1
LF:4
LH:4
end_of_record
TN:
SF:t.9daf33481af221ebcc6f7ee8941f19fcc533b99c48fa2f73a047fe4c19def8be
DA:14,1
DA:18,1
DA:20,1
DA:22,1
DA:23,1
DA:26,1
DA:30,1
LF:7
LH:7
end_of_record
TN:
SF:t.9fba3016ee1601df11001d46247d7fa4aafb15aed12f8558ebd201b93f25ff46
DA:6,1
DA:9,1
DA:11,1
DA:14,1
LF:4
LH:4
end_of_record
TN:
SF:t.a1e32525ce70ce1d874331ac7ed5a5f5370de1eaa40bb491cc920ec59fe849d9
DA:4,1
LF:1
LH:1
end_of_record
TN:
SF:t.a2cba574a0cf698cce639c994447a03e65b836dbfe8c6636d27e379f29936dfa
DA:4,1
LF:1
LH:1
end_of_record
TN:
SF:t.a51901223086febf2a48ad8fd58574c8c61ed36489be130395e0f11793253947
DA:12,1
DA:16,1
LF:2
LH:2
end_of_record
TN:
SF:t.a57a925c976b85e0739716678f7e2969edf42f3ee1fc6661f337e722b26b98e4
DA:6,1
DA:9,1
DA:11,1
DA:14,1
LF:4
LH:4
end_of_record
TN:
SF:t.a74cc3921ffdd65e42fecad1f17326df3dde29f7e8f0b8f1d7534b6c77b49add
DA:19,1
DA:21,1
DA:26,1
LF:3
LH:3
end_of_record
TN:
SF:t.a77645a630047bc3816ddb80035770481e943bb26f0295042218da9467606d50
DA:6,1
DA:9,1
DA:11,1
DA:14,1
LF:4
LH:4
end_of_record
TN:
SF:t.a81c497902f3c4ffea6f46ba857ed2c4d87552a7bc47d3e304d376f0a7fd7dc2
DA:21,1
DA:23,1
DA:24,1
DA:28,1
LF:4
LH:4
end_of_record
TN:
SF:t.a8ff18c633fea1f0aaaadb506f7016eb25a7b500785ac59dd92ecbb6913d1786
DA:12,1
DA:16,1
LF:2
LH:2
end_of_record
TN:
SF:t.a9a599d06cc17ee36195375688ffae66354a5ae68fab30756616c169615c688c
DA:3,1
DA:4,1
LF:2
LH:2
end_of_record
TN:
SF:t.aacadd50c722e2b2988405e05e90dd1334c66065d57cf17a99946eb7c7937c8b
DA:6,1
DA:9,1
DA:11,1
DA:14,1
LF:4
LH:4
end_of_record
TN:
SF:t.adcda9e18f2e6d05dfa3f13e58f94ac16cf27e842a8737cfff2880df781824fd
DA:10,1
DA:13,1
DA:18,1
LF:3
LH:3
end_of_record
TN:
SF:t.ae17a4c904738da6ab3c8bde86508b42c70d26a578b32ec62d4e227fd0ae4961
DA:4,1
LF:1
LH:1
end_of_record
TN:
SF:t.ae3f3b187dd98aedd93f254d314bfccf5b81dc9b08175efa704e80e1ec78035c
DA:6,1
DA:9,1
DA:11,1
DA:14,1
LF:4
LH:4
end_of_record
TN:
SF:t.af0fc9a69341392e4ecc1ae2854ae7510e0f3c696044d07f6d64d3b6ca4b499f
DA:5,1
DA:8,1
DA:9,1
DA:13,1
DA:14,0
LF:5
LH:4
end_of_record
TN:
SF:t.b08f10c2800fa58f081ada92b982f6c6e2b9b6abef60b7b1b907629d3121fe8b
DA:3,1
LF:1
LH:1
end_of_record
TN:
SF:t.b1c7402a47e4790d6760cbcd01591c68059e1fdb3af73a243fa86fde6e4f38b9
DA:3,1
LF:1
LH:1
end_of_record
TN:
SF:t.b27be1e98bc8cff2fd4a5859dc73e4ac407a6147848d0fce7271f3b4e36e3536
DA:3,1
LF:1
LH:1
end_of_record
TN:
SF:t.b73bdc1687df3e2c3c1e874a1600a315ee6ac00883e2a1644d74275809b43c90
DA:11,1
DA:13,1
DA:15,1
DA:16,1
DA:17,1
DA:18,1
DA:19,1
DA:21,1
DA:25,1
DA:26,0
LF:10
LH:9
end_of_record
TN:
SF:t.bac69900943f587e0919b60a59bc372d5ae8ee45f0d2fc04173f21a9af4cff8e
DA:3,1
LF:1
LH:1
end_of_record
TN:
SF:t.bbe704ba359594681bfd6c86b219614e4bdb10569ad0975649c334fd6d3480de
DA:5,1
DA:8,1
DA:9,1
DA:13,1
DA:14,0
LF:5
LH:4
end_of_record
TN:
SF:t.bc67024782c440ed771c0495f32c6dde8e4ae3adb28582a27bb61538d1e71e94
DA:17,1
DA:18,1
DA:19,1
DA:20,0
DA:21,0
DA:24,1
LF:6
LH:4
end_of_record
TN:
SF:t.be4f3238675aa9b161d851a549f9ff9e55c2422ef9125661a7c344239acda0ed
DA:12,1
DA:16,1
LF:2
LH:2
end_of_record
TN:
SF:t.c082a8a6e00c6eb6d446df0c560255ada029129e01daf6d5bfb2bbf890698434
DA:6,1
DA:9,1
DA:11,1
DA:14,1
LF:4
LH:4
end_of_record
TN:
SF:t.c106e691f830aa41bf4254cd66e31d9ce82d54a484d288b4fc91993d3cdd1867
DA:18,1
DA:20,1
DA:25,1
LF:3
LH:3
end_of_record
TN:
SF:t.c13832cd93a4cc1cbb52346c55b6c4d34989e85b770282f8985955e9ede7fb70
DA:5,1
DA:8,1
DA:9,1
DA:13,1
DA:14,0
LF:5
LH:4
end_of_record
TN:
SF:t.c16325b5648f273f5085532537069dbf6793d90a9ae871373ce6729c87519c34
DA:6,1
DA:9,1
DA:11,1
DA:14,1
LF:4
LH:4
end_of_record
TN:
SF:t.c21f8a38a44c861f12df3e2d1d81da9c1aab8881ea353c1a7bac9bfd8d06131e
DA:3,1
LF:1
LH:1
end_of_record
TN:
SF:t.c42b3f1a78cf6710c60e796d0641d2eab0408d97555aad15c79519f3987e34e1
DA:5,1
DA:8,1
DA:9,1
DA:13,1
DA:14,0
LF:5
LH:4
end_of_record
TN:
SF:t.c4a008ac32e57dea25dc326c0d4ed1217b9291fb866f8ba648eae5983119616b
DA:6,1
DA:9,1
DA:11,1
DA:14,1
LF:4
LH:4
end_of_record
TN:
SF:t.c4ed62cfa24ba5550a34da28f02e53c6c32b053149414c53a2ec5dea5dc5eee2
DA:6,1
DA:9,1
DA:11,1
DA:14,1
LF:4
LH:4
end_of_record
TN:
SF:t.c79e55ba76b06405d7710cf5c97cb3967fe011820b195e45f6abda2b25a31e43
DA:6,1
DA:9,1
DA:11,1
DA:14,1
LF:4
LH:4
end_of_record
TN:
SF:t.c949ac3b6b3b1a90ed39ea1cd9f97288b649ffa178f9c2a5d9d91feb2e42be75
DA:3,1
LF:1
LH:1
end_of_record
TN:
SF:t.cae8b311d27491b66e7a97dd3a5d073591a18be811a90a2c977942e4b0cd6e85
DA:3,1
LF:1
LH:1
end_of_record
TN:
SF:t.cb12ed57b437075dfdd73d0d3f73928b92618869c5c2ebabfdad8b1ac5ea9286
DA:3,1
LF:1
LH:1
end_of_record
TN:
SF:t.cd5c1e3f98f61770dddd282aa3b5f8988e6f3a3b5773236a04a8548b7130a309
DA:3,1
LF:1
LH:1
end_of_record
TN:
SF:t.cfd6e17b4cc3c86392307b6a4b207c1d16edb6db69b834d72ff264f96b04c266
DA:6,1
DA:9,1
DA:11,1
DA:14,1
LF:4
LH:4
end_of_record
TN:
SF:t.d0182005679893d865dd6d06bf9aee1df1ff9cc01cb79cfff445fe7895b39e81
DA:6,1
DA:9,1
DA:11,1
DA:14,1
LF:4
LH:4
end_of_record
TN:
SF:t.d01be5f470999c02aedea1bdfcade360f67fdb22c5d070aa89fcce6f3fa374cc
DA:5,1
DA:8,1
DA:9,1
DA:13,1
DA:14,0
LF:5
LH:4
end_of_record
TN:
SF:t.d10d9cc3056a751ea397ff199415a3ffd7995c4912a29367c857b667ac86cdac
DA:6,1
DA:9,1
DA:11,1
DA:14,1
LF:4
LH:4
end_of_record
TN:
SF:t.d16b8fa46ae5bddac1b66e185329a6683b2e2a28d95bfc3ebd59bb675bae22bf
DA:5,1
DA:8,1
DA:9,1
DA:13,1
DA:14,0
LF:5
LH:4
end_of_record
TN:
SF:t.d8a92a79e8ef74539696e8a0eb58d8e9727551c6f48f543f60214e698c131c09
DA:4,1
LF:1
LH:1
end_of_record
TN:
SF:t.db5e460fa0f19aca9e2b9c5d670e3f3e64d604e296e07e3de18e2bdbde684e5a
DA:6,1
DA:9,1
DA:11,1
DA:14,1
LF:4
LH:4
end_of_record
TN:
SF:t.df8670c62eb1f2e1e7ce85c16d72af5a8a95b066831ad626882953dcf21bb50f
DA:6,1
DA:9,1
DA:11,1
DA:14,1
LF:4
LH:4
end_of_record
TN:
SF:t.dffc360c31234313efe9002a2f89019cab49ba44256eb4d8328beba31a8cc484
DA:12,1
DA:16,1
LF:2
LH:2
end_of_record
TN:
SF:t.e0c1793a3056d35c4a7d10851472558a2bb03b27024b2465da8dadfc93b2f708
DA:6,1
DA:9,1
DA:11,1
DA:14,1
LF:4
LH:4
end_of_record
TN:
SF:t.e0ce5b19d4ce559d02466d7170d98e38bd3e60649ed11c7204b7b2fa51c10441
DA:6,1
DA:9,1
DA:11,1
DA:14,1
LF:4
LH:4
end_of_record
TN:
SF:t.e0d47d48a43633ba396f26b9ad7d883344505f561398568c4a216ff6639ddb6a
DA:6,1
DA:9,1
DA:11,1
DA:14,1
LF:4
LH:4
end_of_record
TN:
SF:t.e25370ab20ad0be782098b9a8c1668a64618437e3a8701569329059283bb38bd
DA:3,1
LF:1
LH:1
end_of_record
TN:
SF:t.e2d8878990a6fd22746a8e159e0b3077f7963c3123fc08d5137162927f3b42ce
DA:12,1
DA:16,1
LF:2
LH:2
end_of_record
TN:
SF:t.e7871fd246993e0c57531b43e1a50e84714ce09e6982208c3521e0c723a2c94d
DA:6,1
DA:9,1
DA:11,1
DA:14,1
LF:4
LH:4
end_of_record
TN:
SF:t.e798220627144842687f4bb601847433289f7edbadf0c0b622fbf969f1409c78
DA:6,1
DA:9,1
DA:11,1
DA:14,1
LF:4
LH:4
end_of_record
TN:
SF:t.e8fc4f71b3d82e110909f12f83983741f49636a6207c553363eee92430ef7bbd
DA:6,1
DA:9,1
DA:11,1
DA:14,1
LF:4
LH:4
end_of_record
TN:
SF:t.ebe5293d5cd2778bdda39823bf3e99da08a95d2fe93769d24a3eccfbde3ac172
DA:3,1
LF:1
LH:1
end_of_record
TN:
SF:t.ec948db97957344276604ed36d982deba079a24c0c351b720afcb4744edffa5c
DA:6,1
DA:9,1
DA:11,1
DA:14,1
LF:4
LH:4
end_of_record
TN:
SF:t.ee73b53cc63b6b90d7082d39855dc2f20c262af7085765a9077df63b8da2ff93
DA:6,1
DA:9,1
DA:11,1
DA:14,1
LF:4
LH:4
end_of_record
TN:
SF:t.ef452ac4a4f27af0eb886f28fe325085bcf89429a6b74e0028b232da8548f8d4
DA:6,1
DA:9,1
LF:2
LH:2
end_of_record
TN:
SF:t.efb613858d7912b5f56847660619b6b1ee7fc2ef784c45335feaa5b8907bf579
DA:19,1
DA:23,1
DA:29,1
LF:3
LH:3
end_of_record
TN:
SF:t.f0435bdceb732f4cedcf1df6838e68fb43be4343805a0d2acd40a9dab3152b9f
DA:6,1
DA:9,1
DA:11,1
DA:14,1
LF:4
LH:4
end_of_record
TN:
SF:t.f209af741ea45afd5a9e8b6a32427d9a7704709b246ef73992e42c1dcf64d24f
DA:6,1
DA:9,1
DA:11,1
DA:14,1
LF:4
LH:4
end_of_record
TN:
SF:t.f45d0fdb378965cdae6082ac65c8bec525d9227ed390cb02e66d22fc5ad240b0
DA:5,1
DA:8,1
DA:9,1
DA:13,1
DA:14,0
LF:5
LH:4
end_of_record
TN:
SF:t.f49ea3720be7128aa09d08248f6deaf4e9876ba54009079491d3db2993a8761a
DA:4,1
LF:1
LH:1
end_of_record
TN:
SF:t.f4ea2db80f5bed61093fdadae5c4d501a8e1a71c63119b20bec3795c56083d70
DA:3,1
LF:1
LH:1
end_of_record
TN:
SF:t.f540d446222357eaa045722339434daa7e3688c94c10a682068de70e703598f4
DA:7,1
DA:12,1
LF:2
LH:2
end_of_record
TN:
SF:t.f6f33ed0a91612c6496b5a965339f7b996e1510f92f9a4ab7c44d631789bf859
DA:6,1
DA:9,1
DA:11,1
DA:14,1
LF:4
LH:4
end_of_record
TN:
SF:t.f7b273c91095f9dc57437b3b93a1bc7687598034f4c14c2831453ae95e3f1c97
DA:5,1
DA:8,1
DA:9,1
DA:13,1
DA:14,0
LF:5
LH:4
end_of_record
TN:
SF:t.fa2de71e8a7f0be7627994cec7f0eebe749bf6c84a17bd1acae85d57dc0b68bc
DA:7,1
DA:12,1
LF:2
LH:2
end_of_record
TN:
SF:t.fcbfef3d335bdd5a6481f77d35a9f49b0320b6727920436e172a9183d2daf7c3
DA:3,1
LF:1
LH:1
end_of_record
TN:
SF:t.fe874a7a0f6bc861e5bc8f78e8e6b21436a368c2996513928ff4390880da1c67
DA:4,1
LF:1
LH:1
end_of_record
TN:
SF:t.ffa3df30714bc1ca1d96eaa1faf8ef8919b42aee2278e6d3871f4c36133ed9e4
DA:3,1
LF:1
LH:1
end_of_record
TN:
SF:t.ffec58644237df56c2561f33bac532dcb5e3c88af0cef50afe3a38ffd1b70185
DA:5,1
DA:8,1
DA:9,1
DA:13,1
DA:14,0
LF:5
LH:4
end_of_record
