TN:
SF:./lib/DeFiBlocks/cadence/contracts/interfaces/DFB.cdc
DA:88,2
DA:89,2
DA:103,0
DA:121,19
DA:123,19
DA:148,10
DA:190,4
DA:192,4
DA:196,4
DA:197,4
DA:199,4
DA:201,4
DA:214,0
DA:218,0
DA:253,7
DA:273,1
DA:276,1
DA:277,1
DA:278,1
DA:283,1
DA:287,4
DA:288,4
DA:290,0
DA:294,2
DA:295,2
DA:297,2
DA:317,1
DA:320,1
DA:321,1
DA:322,1
DA:327,1
DA:331,1
DA:332,1
DA:334,0
DA:339,0
DA:340,0
DA:344,0
DA:400,1
DA:402,1
DA:405,1
DA:407,1
DA:408,1
DA:409,1
DA:410,1
DA:411,1
DA:412,1
DA:413,1
DA:414,1
DA:415,1
DA:417,1
DA:434,24
DA:442,12
DA:451,0
DA:461,0
DA:469,6
DA:479,8
DA:480,8
DA:482,0
DA:491,1
DA:492,0
DA:494,1
DA:503,1
DA:504,0
DA:506,1
DA:516,1
DA:526,0
DA:534,1
DA:536,1
DA:537,1
DA:541,1
DA:551,0
DA:554,0
DA:564,8
DA:565,8
DA:566,0
DA:568,8
DA:570,8
DA:572,8
DA:573,8
DA:574,8
DA:576,1
DA:579,7
DA:580,7
DA:581,7
DA:582,7
DA:584,0
DA:585,0
DA:586,7
DA:588,6
DA:589,5
DA:591,6
DA:592,6
DA:593,6
DA:594,6
DA:595,6
DA:597,0
DA:598,0
DA:599,0
DA:603,7
DA:604,6
DA:621,0
DA:626,0
DA:634,0
DA:639,0
DA:644,0
DA:654,2
DA:658,2
DA:659,2
DA:660,2
DA:668,0
DA:670,0
DA:671,0
DA:674,0
DA:675,0
DA:683,0
DA:684,0
DA:690,60
DA:714,1
DA:723,1
DA:737,19
DA:738,4
DA:740,15
DA:747,15
DA:758,10
DA:759,1
DA:761,9
DA:768,9
DA:772,1
LF:124
LH:94
end_of_record
TN:
SF:./lib/DeFiBlocks/cadence/contracts/utils/DFBUtils.cdc
DA:17,8
DA:18,0
DA:20,8
DA:33,1
DA:37,1
DA:40,1
LF:6
LH:5
end_of_record
TN:
SF:./lib/DeFiBlocks/cadence/contracts/connectors/FungibleTokenStack.cdc
DA:32,1
DA:33,1
DA:36,1
DA:37,1
DA:38,1
DA:39,1
DA:44,4
DA:49,6
DA:50,6
DA:52,0
DA:57,3
DA:58,3
DA:59,0
DA:62,3
DA:63,3
DA:84,1
DA:85,1
DA:88,1
DA:89,1
DA:90,1
DA:91,1
DA:96,5
DA:101,5
DA:102,5
DA:104,0
DA:110,5
DA:111,5
DA:112,0
DA:115,5
DA:116,5
DA:140,3
DA:141,3
DA:143,3
DA:146,3
DA:147,3
DA:148,3
DA:149,3
DA:150,3
DA:155,6
DA:160,3
DA:165,0
DA:166,0
DA:168,0
DA:173,0
DA:174,0
DA:176,0
DA:181,4
DA:182,4
DA:189,4
DA:190,4
DA:191,4
DA:193,0
LF:52
LH:41
end_of_record
TN:
SF:./lib/DeFiBlocks/cadence/contracts/connectors/SwapStack.cdc
DA:28,10
DA:29,10
DA:30,10
DA:31,10
DA:53,0
DA:55,0
DA:56,0
DA:57,0
DA:58,0
DA:59,0
DA:80,0
DA:82,0
DA:85,0
DA:86,0
DA:88,0
DA:91,0
DA:92,0
DA:93,0
DA:94,0
DA:99,0
DA:104,0
DA:109,0
DA:110,0
DA:121,0
DA:122,0
DA:136,0
DA:144,0
DA:150,0
DA:151,0
DA:153,0
DA:156,0
DA:158,0
DA:161,0
DA:167,0
DA:168,0
DA:169,0
DA:171,0
DA:172,0
DA:173,0
DA:175,0
DA:190,2
DA:194,2
DA:195,2
DA:196,2
DA:200,7
DA:204,2
DA:208,8
DA:209,8
DA:210,4
DA:213,4
DA:214,4
DA:215,4
DA:217,4
DA:220,0
DA:223,4
DA:226,4
DA:227,4
DA:229,4
DA:230,0
DA:232,4
DA:247,1
DA:251,1
DA:252,1
DA:253,1
DA:257,2
DA:262,1
DA:263,1
DA:269,1
DA:270,1
DA:271,1
DA:275,0
DA:278,0
DA:279,0
DA:280,0
DA:282,0
DA:283,0
DA:284,0
DA:285,0
DA:287,0
DA:288,0
DA:293,0
DA:299,1
LF:82
LH:33
end_of_record
TN:
SF:./lib/TidalProtocol/cadence/contracts/MOET.cdc
DA:33,3
DA:37,0
DA:46,0
DA:48,0
DA:53,0
DA:59,0
DA:60,0
DA:71,0
DA:78,0
DA:82,0
DA:86,0
DA:112,26
DA:117,8
DA:118,0
DA:120,8
DA:124,0
DA:128,0
DA:132,0
DA:133,0
DA:134,0
DA:138,0
DA:142,0
DA:146,12
DA:147,12
DA:151,14
DA:152,14
DA:153,14
DA:154,14
DA:156,14
DA:160,3
DA:173,1
DA:182,7
DA:183,7
DA:184,7
DA:185,7
DA:191,1
DA:193,1
DA:194,1
DA:195,1
DA:196,1
DA:197,1
DA:204,1
DA:205,1
DA:206,1
DA:207,1
DA:208,1
DA:211,1
DA:213,1
DA:217,1
LF:49
LH:31
end_of_record
TN:
SF:./cadence/contracts/mocks/MockTidalProtocolConsumer.cdc
DA:26,1
DA:42,1
DA:49,0
DA:53,0
DA:58,1
LF:5
LH:3
end_of_record
TN:
SF:./lib/TidalProtocol/cadence/contracts/TidalProtocol.cdc
DA:48,4
DA:49,4
DA:57,9
DA:64,4
DA:67,4
DA:70,4
DA:74,5
DA:77,5
DA:79,5
DA:81,5
DA:85,5
DA:88,0
DA:90,0
DA:91,0
DA:95,0
DA:96,0
DA:106,5
DA:113,3
DA:116,3
DA:119,3
DA:123,2
DA:126,2
DA:129,0
DA:131,0
DA:135,0
DA:138,2
DA:140,2
DA:141,2
DA:145,2
DA:146,2
DA:165,23
DA:166,23
DA:167,23
DA:200,2
DA:201,2
DA:202,2
DA:203,2
DA:204,2
DA:205,2
DA:206,2
DA:214,2
DA:217,2
DA:222,2
DA:232,0
DA:242,0
DA:276,2
DA:277,2
DA:278,2
DA:279,2
DA:280,2
DA:281,2
DA:282,2
DA:283,2
DA:284,2
DA:285,2
DA:286,2
DA:292,6
DA:293,6
DA:298,10
DA:299,10
DA:304,110
DA:305,110
DA:306,110
DA:307,110
DA:308,110
DA:311,110
DA:312,110
DA:313,110
DA:315,0
DA:322,9
DA:326,110
DA:332,0
DA:333,0
DA:334,0
DA:335,0
DA:338,0
DA:339,0
DA:342,0
DA:345,0
DA:346,0
DA:347,0
DA:351,0
DA:354,0
DA:355,0
DA:395,1
DA:398,1
DA:399,1
DA:404,1
DA:405,1
DA:406,1
DA:407,1
DA:408,1
DA:409,1
DA:410,1
DA:411,1
DA:412,1
DA:425,0
DA:430,0
DA:435,0
DA:436,0
DA:437,0
DA:439,0
DA:447,0
DA:449,0
DA:450,0
DA:451,0
DA:452,0
DA:454,0
DA:462,0
DA:474,24
DA:477,24
DA:478,24
DA:480,24
DA:481,48
DA:482,48
DA:483,48
DA:484,24
DA:487,24
DA:488,24
DA:489,24
DA:491,24
DA:494,24
DA:495,24
DA:496,24
DA:501,24
DA:502,0
DA:504,24
DA:511,6
DA:522,0
DA:523,0
DA:525,0
DA:526,0
DA:527,0
DA:528,0
DA:532,0
DA:539,0
DA:540,0
DA:542,0
DA:561,6
DA:564,0
DA:567,6
DA:568,6
DA:570,6
DA:571,6
DA:573,6
DA:574,0
DA:577,0
DA:580,0
DA:586,0
DA:587,0
DA:592,0
DA:595,0
DA:599,0
DA:602,0
DA:611,6
DA:616,6
DA:618,0
DA:623,6
DA:625,6
DA:628,6
DA:631,6
DA:632,6
DA:636,6
DA:639,6
DA:645,6
DA:648,6
DA:649,6
DA:652,6
DA:654,6
DA:661,0
DA:662,0
DA:663,0
DA:678,0
DA:679,0
DA:682,0
DA:685,0
DA:691,5
DA:709,5
DA:712,0
DA:715,5
DA:716,5
DA:718,5
DA:719,5
DA:721,5
DA:722,0
DA:724,0
DA:727,0
DA:731,0
DA:732,0
DA:737,0
DA:740,0
DA:744,0
DA:747,0
DA:756,5
DA:761,5
DA:763,0
DA:768,5
DA:770,5
DA:773,0
DA:776,0
DA:777,0
DA:781,0
DA:784,0
DA:790,0
DA:793,0
DA:794,0
DA:797,0
DA:799,0
DA:805,0
DA:806,0
DA:815,5
DA:817,5
DA:819,5
DA:824,0
DA:825,0
DA:826,0
DA:828,0
DA:829,0
DA:831,0
DA:834,0
DA:838,0
DA:839,0
DA:844,0
DA:847,0
DA:850,0
DA:851,0
DA:855,0
DA:866,0
DA:867,0
DA:868,0
DA:870,0
DA:871,0
DA:873,0
DA:876,0
DA:880,0
DA:881,0
DA:886,0
DA:889,0
DA:892,0
DA:893,0
DA:897,0
DA:917,2
DA:920,2
DA:921,2
DA:922,2
DA:924,2
DA:927,2
DA:928,2
DA:929,2
DA:930,2
DA:931,2
DA:935,2
DA:940,2
DA:946,0
DA:954,10
DA:955,10
DA:958,10
DA:959,1
DA:960,1
DA:964,9
DA:965,9
DA:966,9
DA:967,9
DA:968,9
DA:975,9
DA:976,9
DA:978,9
DA:980,0
DA:982,0
DA:983,0
DA:985,0
DA:990,9
DA:991,2
DA:995,9
DA:996,2
DA:998,9
DA:1001,9
DA:1004,9
DA:1007,9
DA:1008,4
DA:1011,9
DA:1012,9
DA:1020,0
DA:1033,0
DA:1034,0
DA:1036,0
DA:1037,0
DA:1041,0
DA:1042,0
DA:1049,0
DA:1050,0
DA:1052,0
DA:1060,0
DA:1062,0
DA:1064,0
DA:1067,0
DA:1069,0
DA:1077,0
DA:1082,0
DA:1084,0
DA:1085,0
DA:1088,0
DA:1093,0
DA:1095,0
DA:1099,0
DA:1100,0
DA:1103,0
DA:1106,0
DA:1109,0
DA:1112,0
DA:1114,0
DA:1116,0
DA:1118,0
DA:1125,0
DA:1126,0
DA:1132,0
DA:1133,0
DA:1151,1
DA:1152,1
DA:1154,1
DA:1155,1
DA:1156,1
DA:1157,1
DA:1158,1
DA:1163,1
DA:1170,1
DA:1173,1
DA:1180,12
DA:1181,12
DA:1183,12
DA:1185,0
DA:1188,12
DA:1190,6
DA:1191,6
DA:1192,6
DA:1198,6
DA:1200,6
DA:1202,6
DA:1204,6
DA:1206,5
DA:1207,5
DA:1208,5
DA:1209,5
DA:1216,5
DA:1217,5
DA:1219,5
DA:1230,5
DA:1231,5
DA:1232,2
DA:1234,5
DA:1235,5
DA:1237,5
DA:1240,5
DA:1241,5
DA:1242,0
DA:1244,5
DA:1257,0
DA:1258,0
DA:1259,0
DA:1260,0
DA:1261,0
DA:1262,0
DA:1268,0
DA:1271,0
DA:1272,0
DA:1273,0
DA:1274,0
DA:1275,0
DA:1277,0
DA:1279,0
DA:1283,0
DA:1284,0
DA:1287,0
DA:1293,0
DA:1302,9
DA:1304,4
DA:1307,5
DA:1309,5
DA:1311,0
DA:1312,0
DA:1315,5
DA:1317,5
DA:1319,2
DA:1320,2
DA:1327,23
DA:1328,23
DA:1331,23
DA:1332,23
DA:1334,23
DA:1335,42
DA:1336,42
DA:1337,42
DA:1338,23
DA:1341,23
DA:1343,23
DA:1345,19
DA:1348,19
DA:1350,19
DA:1354,23
DA:1361,110
DA:1362,110
DA:1363,110
DA:1368,86
DA:1384,1
DA:1387,1
DA:1388,1
DA:1389,1
DA:1390,1
DA:1391,1
DA:1410,2
DA:1412,2
DA:1413,2
DA:1418,0
DA:1419,0
DA:1426,0
DA:1427,0
DA:1431,0
DA:1432,0
DA:1436,0
DA:1444,0
DA:1453,0
DA:1462,0
DA:1467,0
DA:1468,0
DA:1473,0
DA:1474,0
DA:1479,0
DA:1484,0
DA:1485,0
DA:1492,1
DA:1499,2
DA:1500,2
DA:1507,0
DA:1514,2
DA:1515,2
DA:1525,0
DA:1526,0
DA:1535,0
DA:1536,0
DA:1558,2
DA:1559,2
DA:1560,2
DA:1561,2
DA:1562,2
DA:1567,2
DA:1571,6
DA:1575,2
DA:1576,2
DA:1604,2
DA:1605,2
DA:1606,2
DA:1607,2
DA:1608,2
DA:1613,0
DA:1617,0
DA:1618,0
DA:1620,0
DA:1621,0
DA:1625,0
DA:1626,0
DA:1628,0
DA:1629,0
DA:1630,0
DA:1631,0
DA:1632,0
DA:1635,0
DA:1663,0
DA:1664,0
DA:1665,0
DA:1684,0
DA:1685,0
DA:1686,0
DA:1687,0
DA:1714,2
DA:1720,2
DA:1721,2
DA:1727,40
DA:1729,40
DA:1730,0
DA:1731,40
DA:1732,12
DA:1733,28
DA:1736,0
DA:1738,28
DA:1741,40
DA:1747,40
DA:1748,40
DA:1750,40
DA:1761,0
DA:1762,0
DA:1764,0
DA:1770,220
DA:1771,220
DA:1772,220
DA:1774,220
DA:1775,20
DA:1776,20
DA:1778,20
DA:1779,20
DA:1782,220
DA:1792,103
DA:1793,103
DA:1803,14
DA:1804,14
DA:1811,2
DA:1817,5
DA:1822,1
DA:1823,1
DA:1824,1
DA:1827,1
DA:1831,1
LF:511
LH:285
end_of_record
TN:
SF:cadence/contracts/mocks/MockOracle.cdc
DA:22,153
DA:27,146
DA:28,66
DA:30,80
DA:37,0
DA:38,0
DA:40,0
DA:42,0
DA:43,0
DA:44,0
DA:45,0
DA:47,0
DA:52,19
DA:56,0
DA:57,0
DA:58,0
DA:60,0
DA:64,1
DA:66,1
DA:67,1
LF:20
LH:8
end_of_record
TN:
SF:cadence/contracts/mocks/MockStrategy.cdc
DA:20,0
DA:23,0
DA:26,0
DA:29,0
DA:35,0
DA:38,0
DA:41,0
DA:44,0
DA:56,0
DA:57,0
DA:58,0
DA:62,0
DA:66,0
DA:71,0
DA:76,0
DA:82,0
DA:83,0
DA:85,0
DA:93,0
DA:96,0
DA:99,0
DA:106,0
DA:107,0
DA:112,0
DA:113,0
DA:114,0
DA:123,0
DA:126,0
DA:128,0
DA:130,0
DA:136,1
DA:138,1
LF:32
LH:2
end_of_record
TN:
SF:cadence/contracts/mocks/MockSwapper.cdc
DA:21,3
DA:24,3
DA:39,3
DA:41,3
DA:44,3
DA:45,3
DA:46,3
DA:47,3
DA:52,36
DA:57,28
DA:63,6
DA:68,4
DA:77,4
DA:86,0
DA:91,10
DA:93,10
DA:95,10
DA:96,10
DA:105,4
DA:106,4
DA:107,4
DA:109,4
DA:110,4
DA:112,4
DA:113,4
DA:115,4
DA:118,4
DA:123,1
LF:28
LH:27
end_of_record
TN:
SF:cadence/contracts/Tidal.cdc
DA:55,1
DA:63,0
DA:70,0
DA:100,1
DA:102,1
DA:117,1
DA:122,0
DA:126,0
DA:130,0
DA:139,1
DA:142,1
DA:145,1
DA:151,1
DA:153,1
DA:156,1
DA:157,1
DA:161,0
DA:162,0
DA:163,0
DA:165,0
DA:169,1
DA:185,1
DA:204,1
DA:205,1
DA:206,1
DA:211,1
DA:213,1
DA:218,0
DA:222,0
DA:226,0
DA:232,0
DA:233,0
DA:237,0
DA:241,0
DA:246,0
DA:249,0
DA:250,0
DA:251,0
DA:252,0
DA:256,0
DA:260,0
DA:264,0
DA:269,0
DA:271,0
DA:274,0
DA:275,0
DA:278,0
DA:280,0
DA:282,0
DA:286,0
DA:301,1
DA:306,0
DA:310,0
DA:314,1
DA:318,0
DA:322,1
DA:323,1
DA:324,1
DA:326,1
DA:335,1
DA:341,1
DA:344,1
DA:345,1
DA:350,0
DA:353,0
DA:354,0
DA:359,0
DA:362,0
DA:369,0
DA:372,0
DA:373,0
DA:379,0
DA:382,0
DA:383,0
DA:384,0
DA:385,0
DA:393,0
DA:397,0
DA:402,0
DA:406,1
DA:410,1
DA:414,0
DA:421,1
DA:426,1
DA:427,1
DA:428,1
DA:430,1
DA:431,1
DA:432,1
DA:435,1
DA:436,1
DA:437,1
LF:92
LH:40
end_of_record
TN:
SF:cadence/contracts/TidalYieldAutoBalancers.cdc
DA:28,30
DA:34,19
DA:35,19
DA:53,1
DA:54,1
DA:55,1
DA:56,1
DA:57,1
DA:59,1
DA:63,1
DA:72,1
DA:73,1
DA:76,1
DA:77,1
DA:80,1
DA:81,1
DA:84,1
DA:85,1
DA:86,1
DA:88,1
DA:90,1
DA:97,1
DA:98,1
DA:106,0
DA:107,0
DA:109,0
DA:111,0
DA:112,0
DA:113,0
DA:116,0
DA:117,0
DA:121,1
LF:32
LH:24
end_of_record
TN:
SF:cadence/contracts/TidalYieldStrategies.cdc
DA:52,1
DA:53,1
DA:54,1
DA:55,1
DA:62,1
DA:66,0
DA:70,0
DA:75,0
DA:76,0
DA:78,0
DA:82,0
DA:90,2
DA:95,1
DA:101,0
DA:111,1
DA:114,1
DA:115,1
DA:116,1
DA:117,1
DA:120,1
DA:130,1
DA:132,1
DA:137,1
DA:143,1
DA:152,1
DA:154,1
DA:157,1
DA:164,1
DA:165,1
DA:168,1
DA:174,1
DA:178,1
DA:180,1
DA:193,0
DA:196,1
DA:198,1
DA:200,0
DA:206,1
DA:208,1
LF:39
LH:30
end_of_record
TN:
SF:cadence/contracts/mocks/YieldToken.cdc
DA:33,3
DA:37,0
DA:46,0
DA:48,0
DA:53,0
DA:59,0
DA:60,0
DA:71,0
DA:78,0
DA:82,0
DA:86,0
DA:112,22
DA:117,10
DA:118,0
DA:120,10
DA:124,0
DA:128,0
DA:132,0
DA:133,0
DA:134,0
DA:138,0
DA:142,0
DA:146,14
DA:147,14
DA:151,8
DA:152,8
DA:153,8
DA:154,8
DA:156,8
DA:160,2
DA:173,1
DA:182,2
DA:183,2
DA:184,2
DA:185,2
DA:191,1
DA:193,1
DA:194,1
DA:195,1
DA:196,1
DA:197,1
DA:204,1
DA:205,1
DA:206,1
DA:207,1
DA:208,1
DA:211,1
DA:213,1
DA:217,1
LF:49
LH:31
end_of_record
TN:
SF:S../test_helpers.cdc
DA:10,40
DA:15,49
DA:21,49
DA:29,1
DA:34,1
DA:35,1
DA:40,1
DA:41,1
DA:46,1
DA:47,1
DA:52,1
DA:55,1
DA:56,1
DA:61,1
DA:62,1
DA:67,1
DA:70,1
DA:71,1
DA:76,1
DA:77,1
DA:82,1
DA:83,1
DA:88,1
DA:90,1
DA:95,1
DA:98,1
DA:103,1
DA:104,1
DA:109,1
DA:110,1
DA:115,1
DA:118,1
DA:123,1
DA:128,0
DA:138,0
DA:139,0
DA:140,0
DA:145,0
DA:146,0
DA:147,0
DA:152,1
DA:153,1
DA:154,1
DA:159,0
DA:160,0
DA:161,0
DA:168,1
DA:173,1
DA:185,1
DA:190,1
DA:195,8
DA:200,8
DA:205,2
DA:206,2
DA:211,2
DA:212,2
DA:217,1
DA:218,1
DA:223,1
DA:224,1
DA:229,1
DA:235,3
DA:241,3
DA:242,3
DA:247,1
DA:251,1
DA:262,0
DA:266,0
DA:271,0
DA:272,0
DA:277,8
DA:278,8
DA:283,1
DA:284,1
DA:285,1
DA:290,19
DA:291,19
DA:292,19
DA:301,0
DA:302,0
DA:303,0
DA:304,0
DA:305,0
DA:306,0
DA:307,0
DA:313,0
DA:315,0
DA:316,0
DA:317,0
DA:318,0
DA:319,0
DA:322,0
DA:323,0
DA:324,0
DA:325,0
DA:326,0
DA:332,16
DA:333,16
DA:334,16
DA:335,16
DA:336,16
DA:339,16
DA:345,16
DA:346,0
DA:347,0
DA:348,0
DA:351,16
DA:353,16
DA:359,0
DA:360,0
DA:361,0
DA:362,0
DA:363,0
DA:364,0
DA:366,0
DA:372,11
DA:373,11
DA:374,11
DA:375,11
DA:376,11
DA:382,0
DA:383,0
DA:384,0
DA:385,0
DA:386,0
DA:388,0
DA:394,0
DA:395,0
DA:396,0
DA:402,0
DA:403,0
DA:404,0
DA:405,0
DA:406,0
DA:409,0
DA:410,0
DA:411,0
DA:412,0
DA:419,3
DA:424,3
DA:429,3
DA:434,3
DA:439,0
DA:442,0
DA:443,0
DA:448,19
DA:451,19
DA:452,19
DA:457,0
DA:460,0
DA:461,0
LF:151
LH:85
end_of_record
TN:
SF:s.316a50c7480efedd505e14c0990c94cd707177f64e15a720878ffe6f3e8cf20f
DA:11,1
LF:1
LH:1
end_of_record
TN:
SF:s.431db54ff361f53d4e79506a42f003a7b27a991b1bf50f0df8ca61e29f43f3cf
DA:6,1
LF:1
LH:1
end_of_record
TN:
SF:s.9fc6db02eb011ccfed5136f51badb20208b2a6ff61eeb9b24325e567e205a448
DA:9,19
DA:10,19
LF:2
LH:2
end_of_record
TN:
SF:s.ff6642d775a5bb4810363425856793428c40fa77ae854bfdb39d646e51fe85cf
DA:7,19
LF:1
LH:1
end_of_record
TN:
SF:t.0075dd02cee9e74409cb2ab8dae7bde1cc21d7591f2db124486f894d144b00a3
DA:6,1
DA:9,1
DA:11,1
DA:14,1
LF:4
LH:4
end_of_record
TN:
SF:t.0104ce0c0578edbc3c63519a35d6760ed98d72955aebb861a3eec7fb785782d2
DA:6,1
DA:9,1
DA:11,1
DA:14,1
LF:4
LH:4
end_of_record
TN:
SF:t.018154b5bee790cdde14d9f6f40c10fc2498a0646b271aefaec741445ec742f0
DA:6,1
DA:9,1
DA:11,1
DA:14,1
LF:4
LH:4
end_of_record
TN:
SF:t.038ddaff40eca6706f037e9a474993ed507c9478a0f959ec438e58fef9a94509
DA:5,1
DA:8,1
DA:9,1
DA:13,1
DA:14,0
LF:5
LH:4
end_of_record
TN:
SF:t.0595966d4b44048805835624ee49905147e79d574ec452d333882dceed1ea387
DA:12,1
DA:16,1
LF:2
LH:2
end_of_record
TN:
SF:t.07799d8bf7cfdcd843200828b4404069171deac1c354c960aeb1bb638c8ac215
DA:6,1
DA:9,1
DA:11,1
DA:14,1
LF:4
LH:4
end_of_record
TN:
SF:t.07b32cf1c2bc1e516994eb47641c338917ee074ce1eee89feecdd0b56cb7eca3
DA:4,1
DA:5,1
LF:2
LH:2
end_of_record
TN:
SF:t.0850917c5dcd010ba57adc648b19d0cd5d5b4f95c35b4fa8aae2c43c1ffd159b
DA:6,1
DA:9,1
DA:11,1
DA:14,1
LF:4
LH:4
end_of_record
TN:
SF:t.0854b256c4e0eaa26f32a76932829a4e737e7b5e95c23d81baf0004d0bedf10e
DA:21,1
DA:22,1
DA:27,1
LF:3
LH:3
end_of_record
TN:
SF:t.089833d285884dcf5976a68ed5a96759376cf436a552fc1b3149f08417322010
DA:12,1
DA:17,1
LF:2
LH:2
end_of_record
TN:
SF:t.08c31d8754dc2f74e2305c9f62f9c1e52b550cc44beb2d9c427ccd72f01c88ed
DA:5,1
DA:8,1
DA:9,1
DA:13,1
DA:14,0
LF:5
LH:4
end_of_record
TN:
SF:t.08e18f7c03450b8279ab1a0dde347cc499b931e2a240a2e5f0b39190152c5f83
DA:6,1
DA:9,1
DA:11,1
DA:14,1
LF:4
LH:4
end_of_record
TN:
SF:t.09164912046b1beef0adfed1c61b066b5f87a53ac0cc8d57ccb61ef83bb67129
DA:6,1
DA:9,1
DA:11,1
DA:14,1
LF:4
LH:4
end_of_record
TN:
SF:t.0946cdc1d78a4cbb896491035699132335e787d67bd2e82992c7e7f349ba7661
DA:12,1
DA:16,1
LF:2
LH:2
end_of_record
TN:
SF:t.09b10d160b6c9e6649ff6a0991d9dbda11b765f02715ecfaf2f5ef640483849f
DA:21,1
DA:22,1
DA:27,1
LF:3
LH:3
end_of_record
TN:
SF:t.0d9246822fdef24de4a394a623154fef8279092debc1bd7ac9fb8e74e3a28a35
DA:6,1
DA:9,1
DA:11,1
DA:14,1
LF:4
LH:4
end_of_record
TN:
SF:t.109f8f33bc4945c2d3faff8aee29abc36037e0edfe68bbca32008a7aaaaa0d6f
DA:6,1
DA:10,1
DA:12,1
LF:3
LH:3
end_of_record
TN:
SF:t.12aa8d6e87290ac2784216c3a09ffc1f9487d5e4d1b3346363d1772e7c05ea70
DA:6,1
DA:9,1
DA:11,1
DA:14,1
LF:4
LH:4
end_of_record
TN:
SF:t.1309cf1088ae9b8611a462b994ca21ec4e7c6556f03b2621f91dc6b7cf0463e6
DA:6,1
DA:9,1
DA:11,1
DA:14,1
LF:4
LH:4
end_of_record
TN:
SF:t.1379f22d2480030f6750c65a2ccb504a9cfbdcfe2bcfdd3c16165747fe47214f
DA:6,1
DA:9,1
DA:11,1
DA:14,1
LF:4
LH:4
end_of_record
TN:
SF:t.173054383d2601b8ab9bbbdee68edfeec1faa170d96a3b7010fb839561205cd1
DA:6,1
DA:9,1
DA:11,1
DA:14,1
LF:4
LH:4
end_of_record
TN:
SF:t.1745c135dc86049bdc05675527fa517ba14af1ba78b2bb23b3a0fb4f9fbeffac
DA:3,1
LF:1
LH:1
end_of_record
TN:
SF:t.174c22a3a8d934ec94e94be04a3281cb6fb1a6fb4451d8d55d58df16335fdc9e
DA:3,1
LF:1
LH:1
end_of_record
TN:
SF:t.177c9eef6611b4a91ca336e08a97cb088fafbe4135cfc53e0e962eedd74e19da
DA:6,1
DA:9,1
DA:11,1
DA:14,1
LF:4
LH:4
end_of_record
TN:
SF:t.17c2f32f71cb0a162348821b629e614f3cacb39ecfcf7ed4a7ab5dab2cd1a5c0
DA:6,1
DA:9,1
DA:11,1
DA:14,1
LF:4
LH:4
end_of_record
TN:
SF:t.1814e43e6e1bc38e6c8ddaf3971d9d06282f285bfad343d58c731c48e6c0ff84
DA:19,1
DA:23,1
DA:29,1
LF:3
LH:3
end_of_record
TN:
SF:t.1a1b786a2a9770eeadd208d0d031aad309541f1d7e6e9e57e5030baff8c951d5
DA:6,1
DA:9,1
DA:11,1
DA:14,1
LF:4
LH:4
end_of_record
TN:
SF:t.1e7737ffe6f724e46eca388e87a486ed4e611f2653f803d0eb92acd34d88281a
DA:5,1
DA:8,1
DA:9,1
DA:13,1
DA:14,0
LF:5
LH:4
end_of_record
TN:
SF:t.25aa60a0a3e76522dc78c07dec6960f1cad94caecdaa57b5a5f5b0abf6e27e82
DA:4,1
LF:1
LH:1
end_of_record
TN:
SF:t.26261aecffaaa87f152e2a7833e4da0d6857ca4811d49b80105b305afe14c5df
DA:6,1
DA:9,1
DA:11,1
DA:14,1
LF:4
LH:4
end_of_record
TN:
SF:t.275f263c5d8a012e0f437c6f04773642759603a6c3a2fb9cbfb72f80ad8b5294
DA:6,1
DA:9,1
DA:11,1
DA:14,1
LF:4
LH:4
end_of_record
TN:
SF:t.28c1c1959fa868f59f10b4795cc60b844d8fb98203408fedaa9388fbe64f79fe
DA:21,1
DA:22,1
DA:27,1
LF:3
LH:3
end_of_record
TN:
SF:t.2d059ea94167774c2fbe772e41bb86b2ee47093e71ec30cfd0fa0f81497910f3
DA:6,1
DA:9,1
DA:11,1
DA:14,1
LF:4
LH:4
end_of_record
TN:
SF:t.2d56cb1a95e94c9f8540c8b8817e746f53398e8057dd84cdd85fd7a1fea0fb7f
DA:6,1
DA:9,1
DA:11,1
DA:14,1
LF:4
LH:4
end_of_record
TN:
SF:t.2e5ccb680f338e2bd7efe7e6f56e98d4ef58c07b29b2af5b67eca18427fe2bae
DA:12,1
DA:16,1
LF:2
LH:2
end_of_record
TN:
SF:t.2e8e52a0110b7198dbca854827e1d27670edbfb017240d83183d217d13502feb
DA:21,1
DA:22,1
DA:27,1
LF:3
LH:3
end_of_record
TN:
SF:t.2f7787d81f5991ec9d67fda90f6886faf5bfd0f048584c90e18ffdc701a502d0
DA:6,1
DA:9,1
DA:11,1
DA:14,1
LF:4
LH:4
end_of_record
TN:
SF:t.32e07ea232ceb038b6f5c33647db9e49ba30545da7dec66cca9658baf77b6ebb
DA:6,1
DA:9,1
DA:11,1
DA:14,1
LF:4
LH:4
end_of_record
TN:
SF:t.357eef97f98f4798dcb3e6a095f07eb602a7ae6aa2f9c89e8f6721a547d6c3bd
DA:6,1
DA:9,1
DA:11,1
DA:14,1
LF:4
LH:4
end_of_record
TN:
SF:t.35d22ba08422fdeca5427e7f398d0371d144c55a9db93dd043f6a18922a02bca
DA:6,1
DA:9,1
DA:11,1
DA:14,1
LF:4
LH:4
end_of_record
TN:
SF:t.39ad95f4fe4525d4455b41a7b1c2b5cf894cb6b7b91f4632918ffc69e0d6b98e
DA:21,1
DA:23,1
DA:24,1
DA:28,1
LF:4
LH:4
end_of_record
TN:
SF:t.3a879fc77f94261efb7c4c01b098cac7cfdc3cb935ea0166296f1ec6f80e2bff
DA:5,1
DA:8,1
DA:9,1
DA:13,1
DA:14,0
LF:5
LH:4
end_of_record
TN:
SF:t.3b55fbb808e7f119b9854c7a7df83fc1b519da0009a611baafb1315284e1e5ab
DA:6,1
DA:9,1
DA:11,1
DA:14,1
LF:4
LH:4
end_of_record
TN:
SF:t.3c970f068d00dbfd6f2d10fc4cf1438c52206f3c1074335ef330b98ad776c54d
DA:19,1
DA:21,1
DA:26,1
LF:3
LH:3
end_of_record
TN:
SF:t.3cdd2e2a7241818c143ed595c6b5ca867e3b2f370ca9787eea88bdb74213e47b
DA:12,1
DA:16,1
LF:2
LH:2
end_of_record
TN:
SF:t.3e8c38db110adf047b70ba80f80ed9a9cbb393543cc421253e91255926f8137a
DA:10,1
DA:13,1
DA:18,1
LF:3
LH:3
end_of_record
TN:
SF:t.3ea8347a6174ef75f68084eacc140749ee82d4f7994e1df5d36e64d99a634716
DA:12,1
DA:16,1
LF:2
LH:2
end_of_record
TN:
SF:t.3f79cc7e024e82f3343055fe11305404dca3da7bb28448b53c0a1e7a6cb1a2f8
DA:6,1
DA:9,1
DA:11,1
DA:14,1
LF:4
LH:4
end_of_record
TN:
SF:t.414b97f9e645c226789f66008003cc3d9fe6eeec6099adb7d9e4c04d4b84d224
DA:21,1
DA:22,1
DA:27,1
LF:3
LH:3
end_of_record
TN:
SF:t.42e5c5754a9f38ffccf6d271e3cc54803675a1cbaf3131f057cb1dbbc86bb638
DA:6,1
DA:9,1
DA:11,1
DA:14,1
LF:4
LH:4
end_of_record
TN:
SF:t.4380bc2ec36b177fdef2b5894fac6673f632def7b1d6aeaf292939d39dd3c9a0
DA:11,1
DA:13,1
DA:15,1
DA:16,1
DA:17,1
DA:19,1
DA:22,1
LF:7
LH:7
end_of_record
TN:
SF:t.443f339840d0a8fd2c3bc539bdb15ae1bc742c0cff383301961fbf21a9a1fc5f
DA:6,1
DA:9,1
DA:11,1
DA:14,1
LF:4
LH:4
end_of_record
TN:
SF:t.44d0843769d2b5671c24ce9efc8c7bbf6b92ecbb5ac100599796486ca814fbff
DA:6,1
DA:9,1
DA:11,1
DA:14,1
LF:4
LH:4
end_of_record
TN:
SF:t.45afbe9fa0d4b32d7789f568f9bc689ccb9ab21b4e8ad4a4aaf04306a7d81d84
DA:6,1
DA:9,1
DA:11,1
DA:14,1
LF:4
LH:4
end_of_record
TN:
SF:t.46c9025f563541947d07cdda6692b29f092c3ef09a7e14ab7b1bdee371082778
DA:7,1
DA:12,1
LF:2
LH:2
end_of_record
TN:
SF:t.46db3eb099ebde306e7f196cc3b5988597f2ca4aab16aa062b1bac28a472ed3f
DA:18,1
DA:20,1
DA:25,1
LF:3
LH:3
end_of_record
TN:
SF:t.46ebf718953973dc2652aabe8c27c18a9ad770ce933548bd937c50357c309c7b
DA:5,1
DA:8,1
DA:9,1
DA:13,1
DA:14,0
LF:5
LH:4
end_of_record
TN:
SF:t.47346f3cdc23f43fcbcc74c2dd190c9ae26829c975a72d875830580453f5cf27
DA:5,1
DA:8,1
DA:9,1
DA:13,1
DA:14,0
LF:5
LH:4
end_of_record
TN:
SF:t.491f533cf707c70a9f3794fd5e30aa69dbad520e8d9156063aee26b417426a11
DA:5,1
DA:8,1
DA:9,1
DA:13,1
DA:14,0
LF:5
LH:4
end_of_record
TN:
SF:t.4a494e9a6779c4c0f62911034e12902b93852f82a265b3b8b758043066c81053
DA:3,1
LF:1
LH:1
end_of_record
TN:
SF:t.4ab9a2793d6d9c434fb3c2321b8c6514563d31ed017df6b24ee038e8ffe35ccf
DA:6,1
DA:9,1
DA:11,1
DA:14,1
LF:4
LH:4
end_of_record
TN:
SF:t.4b59a25f1ac107844861b7e0642dcf74d763a96a65e8249ed591199b62de4c84
DA:6,1
DA:9,1
DA:11,1
DA:14,1
LF:4
LH:4
end_of_record
TN:
SF:t.4b6f3ab733abedb01ff3f55e7d22b6f8fcd74db18c2f0e4e1d7a5bb6557d14e2
DA:5,1
DA:8,1
DA:9,1
DA:13,1
DA:14,0
LF:5
LH:4
end_of_record
TN:
SF:t.4ca0df105fd49810dcf00753a67302bac5eeb144a5f3f6e5db98d5377f383572
DA:6,1
DA:9,1
DA:11,1
DA:14,1
LF:4
LH:4
end_of_record
TN:
SF:t.4d826a958990e69a7cb762d6b5f0cb653ae3bcfd068a6623660ffb5c269d70ce
DA:21,1
DA:22,1
DA:27,1
LF:3
LH:3
end_of_record
TN:
SF:t.4e58dc535fb26f378ad2f8342eabe9eaf9168c9daa1e824a7594875201bd47c8
DA:6,1
DA:9,1
DA:11,1
DA:14,1
LF:4
LH:4
end_of_record
TN:
SF:t.4e669e195d5834147efe956bb00635bcbe5f7fa6ab1ac2cfd4c184355dbfdcf6
DA:6,1
DA:9,1
DA:11,1
DA:14,1
LF:4
LH:4
end_of_record
TN:
SF:t.4f0cf97548855c702e0b6dc2197de1cda18d5cbdd3c4779c675f24439927dbf4
DA:12,1
DA:16,1
LF:2
LH:2
end_of_record
TN:
SF:t.4ff4f89a28a4783b7a579617f8e4c20d06daaa5054aa4d6be80b37843e4fef81
DA:6,1
DA:9,1
DA:11,1
DA:14,1
LF:4
LH:4
end_of_record
TN:
SF:t.50677e9d6053fb4ef605b4cc284af5bec38f22edcb8db19a83791b69efca25f9
DA:10,1
DA:13,1
DA:18,1
LF:3
LH:3
end_of_record
TN:
SF:t.509138d145c537fae54e6dd4f8c3f515227c1344d8dbcac333dcb7ccce9f37b6
DA:6,1
DA:9,1
DA:11,1
DA:14,1
LF:4
LH:4
end_of_record
TN:
SF:t.50b2633346cf9d86ae955b18e6bc31d1a79fd1296aae81f91ba29edd66858684
DA:6,1
DA:9,1
DA:11,1
DA:14,1
LF:4
LH:4
end_of_record
TN:
SF:t.5112370cfdb81ac836364cac04bf57ad5573cea6647f35960ee416e96741e192
DA:5,1
DA:8,1
DA:9,1
DA:13,1
DA:14,0
LF:5
LH:4
end_of_record
TN:
SF:t.51cc20374d74a4eaf93e58bb4e7b3b0f3122689fa728be862cd5f187c2ed7c2c
DA:10,1
DA:14,1
DA:20,1
DA:21,1
DA:23,1
DA:25,1
LF:6
LH:6
end_of_record
TN:
SF:t.51dcdda99bafb44f12d39f776684b4c253b06dbc7dba8bb3cab63eb8238ecff9
DA:6,1
DA:9,1
DA:11,1
DA:14,1
LF:4
LH:4
end_of_record
TN:
SF:t.5293caef61c2e5cc8689ba07a202a1eec1cf02a337123d824824150081a9e302
DA:27,1
DA:29,0
DA:31,0
DA:33,0
DA:34,0
DA:37,1
DA:38,1
DA:39,1
DA:41,1
DA:45,1
DA:47,1
DA:49,1
DA:54,1
DA:61,1
DA:66,1
DA:73,1
LF:16
LH:12
end_of_record
TN:
SF:t.54d5f0e57210a48a7ea743feb20a618f151a78c95c13ee2afad0831b2afc2138
DA:5,1
DA:8,1
DA:9,1
DA:13,1
DA:14,0
LF:5
LH:4
end_of_record
TN:
SF:t.56e51982c610d07ae6786447eb21688df5b202923c880de9eb93b88bbc75bed0
DA:6,1
DA:9,1
DA:11,1
DA:14,1
LF:4
LH:4
end_of_record
TN:
SF:t.59df646e1418a3868b21293095ca64dee1a6b0ab2d50a50136ea1bf77558f628
DA:6,1
DA:9,1
DA:11,1
DA:14,1
LF:4
LH:4
end_of_record
TN:
SF:t.5a9b1ec64f0e1909196d1b248553730e84641db10f2c16289b8395517aaf9b91
DA:6,1
DA:9,1
DA:11,1
DA:14,1
LF:4
LH:4
end_of_record
TN:
SF:t.5bcf805ac8232f14a541d82c89df53e6ea1f364644d12b013cd0985c0200a6e5
DA:6,1
DA:9,1
DA:11,1
DA:14,1
LF:4
LH:4
end_of_record
TN:
SF:t.5bd3a9da177eb692208f6b00bf57da254a276d2b517d59fff41808b52aa2d6f6
DA:5,1
DA:8,1
DA:9,1
DA:13,1
DA:14,0
LF:5
LH:4
end_of_record
TN:
SF:t.5cc73977e97a0b2bd470f44ccc5d053ed88cc53470b1e88b7b1fe4622b4c574a
DA:6,1
DA:9,1
DA:11,1
DA:14,1
LF:4
LH:4
end_of_record
TN:
SF:t.5cd0d950861384d1ca4e33f8cfdd545c8a8b29a2afe9e5b0752c16afa47a2e51
DA:6,1
DA:9,1
DA:11,1
DA:14,1
LF:4
LH:4
end_of_record
TN:
SF:t.5edc7eb09a680a5f28b74c97fa4de1d10aa29b388d13d921506dd134fba01042
DA:19,1
DA:23,1
DA:29,1
LF:3
LH:3
end_of_record
TN:
SF:t.5f71de55b2d93987074212c6c2afa90bc85001bcc1c5619e826902454fa22697
DA:5,1
DA:8,1
DA:9,1
DA:13,1
DA:14,0
LF:5
LH:4
end_of_record
TN:
SF:t.5fffa724bf9f4e213b90bb056a78b573c9f4477e40ce6641a89cd262851bc4b6
DA:6,1
DA:9,1
DA:11,1
DA:14,1
LF:4
LH:4
end_of_record
TN:
SF:t.61e18296d084d51e4c499a15e25846b49dab3dee1b965f803eacca4273bef6af
DA:4,1
LF:1
LH:1
end_of_record
TN:
SF:t.6220e9f73cbd97992115fb818a4af5e9a8a8845cc676af75c6e761a0301cc35e
DA:6,1
DA:9,1
DA:11,1
DA:14,1
LF:4
LH:4
end_of_record
TN:
SF:t.62445284a64475e47c8a7c77a7523481852d6f30c1b643aa9c88f80913b4cbd1
DA:5,1
DA:8,1
DA:9,1
DA:13,1
DA:14,0
LF:5
LH:4
end_of_record
TN:
SF:t.62e4ed7e9e1d2d99f8c4ad081f8e88e818db3620c510fe287f5870656babef2b
DA:7,1
DA:12,1
LF:2
LH:2
end_of_record
TN:
SF:t.6312ee61412ad37665cfce2975326ee2ddf0720f736fe037a6e8eeed429b3585
DA:6,1
DA:9,1
DA:11,1
DA:14,1
LF:4
LH:4
end_of_record
TN:
SF:t.63474311a0c6f29516d73e391903bab58b1b36162efd56ff026a50fc41415fc6
DA:3,1
LF:1
LH:1
end_of_record
TN:
SF:t.63bdee5964f6fbe0c53cacef24cfafc7f0af83c4fefbf9bdd7478d6dbf22c110
DA:19,1
DA:23,1
DA:29,1
LF:3
LH:3
end_of_record
TN:
SF:t.63e235c32512ee67ba2c1af3d59c2a2ceffa009dda7e45391c6b342f60e2ad7a
DA:6,1
DA:9,1
DA:11,1
DA:14,1
LF:4
LH:4
end_of_record
TN:
SF:t.64451c40a650382cf7b9560e8f08e3abcd87087389a2b20de58d3d44c72b64c1
DA:6,1
DA:9,1
DA:11,1
DA:14,1
LF:4
LH:4
end_of_record
TN:
SF:t.66b65bbc0e8a74eba42ac65dbaa46e7523d8424e75ea3ab766adcdd3c2285b00
DA:6,1
DA:9,1
DA:11,1
DA:14,1
LF:4
LH:4
end_of_record
TN:
SF:t.6766666f0e9d3cb2c5e2a62a31b79bd981feb2bf96103f0b2c7765c87a0c251a
DA:6,1
DA:9,1
DA:11,1
DA:14,1
LF:4
LH:4
end_of_record
TN:
SF:t.676ef5f974aef641d19b49c1d2e17e7cf644b2f45f21a0e677e2048059f4c9e8
DA:12,1
DA:16,1
LF:2
LH:2
end_of_record
TN:
SF:t.68477a39649e49a2629a87ec5caf87d2f32fe35bf02099d337d07285e2f2fbae
DA:6,1
DA:9,1
DA:11,1
DA:14,1
LF:4
LH:4
end_of_record
TN:
SF:t.68984e1cca57afb1e58936153188d3a2e242a65ebc08e09db302a3603051c3cd
DA:6,1
DA:9,1
DA:11,1
DA:14,1
LF:4
LH:4
end_of_record
TN:
SF:t.69304713076e9852a1d9bd6b75731db5bc6a19b4f0d4b6d9dc3ff02b77479527
DA:6,1
DA:9,1
DA:11,1
DA:14,1
LF:4
LH:4
end_of_record
TN:
SF:t.69be44f9c341051471c31c5242e7c30660b06fe7d0a125b9f8a91e93f49bd8b7
DA:3,1
LF:1
LH:1
end_of_record
TN:
SF:t.6a2d28a033d08fc293282db3927d505b18c606e98d790d5229a631020290a7ce
DA:6,1
DA:9,1
DA:11,1
DA:14,1
LF:4
LH:4
end_of_record
TN:
SF:t.6b4f7a99b89569d3fae8468d5848c6cd5d0b8e6bb5d69b3e57128d5b3be51216
DA:6,1
DA:9,1
DA:11,1
DA:14,1
LF:4
LH:4
end_of_record
TN:
SF:t.705fb3f732aec56ae98684d3e35a026e5741544a8f25dc14d6dabe4353b8b7f5
DA:11,1
DA:13,1
DA:15,1
DA:16,1
DA:17,1
DA:18,1
DA:19,1
DA:21,1
DA:25,1
DA:26,0
LF:10
LH:9
end_of_record
TN:
SF:t.7169bcc3826e550c67df38fa94e9f3085522f411a98ed8fc6d0a2af2a073b6e9
DA:6,1
DA:9,1
DA:11,1
DA:14,1
LF:4
LH:4
end_of_record
TN:
SF:t.7198b75a940ef7dcf38f4e09a83f27b0da8376719b9423a28174753a2c5b69d0
DA:6,1
DA:9,1
DA:11,1
DA:14,1
LF:4
LH:4
end_of_record
TN:
SF:t.71a41f8cc178eb2e7e83eb0988c5901da66321e669269d6d32b463cf31ea2aee
DA:12,1
DA:16,1
LF:2
LH:2
end_of_record
TN:
SF:t.73520163334bfc31b81dd630c165ba7939424e7fb073f6dfd5e1ba7c02856bec
DA:3,1
DA:4,1
LF:2
LH:2
end_of_record
TN:
SF:t.74dc57b82cf9d086166d8b801e463ae05ec340d8b7552d09b767adecf185ec53
DA:6,1
DA:9,1
DA:11,1
DA:14,1
LF:4
LH:4
end_of_record
TN:
SF:t.75621b3176ad388a35d363e1d9d15ef5e10aa843d844542bb26d718d89725f7a
DA:4,1
LF:1
LH:1
end_of_record
TN:
SF:t.7576d9b7fb759c83ef00f13cb31a275bb8f527c38412f6ee04c89c61a444f6f5
DA:12,1
DA:16,1
LF:2
LH:2
end_of_record
TN:
SF:t.75f755aa6bf6031e9e82dddd6cc39344e9e18021de15148326c844a9cedfa857
DA:6,1
DA:9,1
DA:11,1
DA:14,1
LF:4
LH:4
end_of_record
TN:
SF:t.7680614080f172be06b67ad3bec85b698bc7ad8b1a93aedd15fbe15dab9d947d
DA:7,1
DA:12,1
LF:2
LH:2
end_of_record
TN:
SF:t.7697ee682c984acca898ce98208c5586814c1e1b8fb93e48e366e1570e6bc336
DA:5,1
DA:8,1
DA:9,1
DA:13,1
DA:14,0
LF:5
LH:4
end_of_record
TN:
SF:t.77064068fc9ae4dcac85d24d53c6a946d6119c1ddd7e807877298ce40d185821
DA:5,1
DA:8,1
DA:9,1
DA:13,1
DA:14,0
LF:5
LH:4
end_of_record
TN:
SF:t.77b902cb9f712912c78c61069eb25a1b7eb6ced1b0c8a0b004a9d4a8b245b5bb
DA:6,1
DA:9,1
DA:11,1
DA:14,1
LF:4
LH:4
end_of_record
TN:
SF:t.782b38ce91939a7532b1f74f3c164e7537dec48863ce93db870cb0d1fd2670b4
DA:3,1
DA:4,1
LF:2
LH:2
end_of_record
TN:
SF:t.78901849038ffba988be769cb28c3701ee51c0cd21f9d7c1d1cd0bafb3e83391
DA:3,1
LF:1
LH:1
end_of_record
TN:
SF:t.7952a014d1f76f156f4b70e2ee3b5484dfe0d7b37efdf41a889f0bea8b7dbe8a
DA:6,1
DA:9,1
DA:11,1
DA:14,1
LF:4
LH:4
end_of_record
TN:
SF:t.79de775bb9a3057c14e368ecdceeafc3d094aa39df0232e85e65e27776203460
DA:12,1
DA:16,1
LF:2
LH:2
end_of_record
TN:
SF:t.7c60342a906deedb65b7308ec26207954bfb7f80734619d646b7bb7421fb5ade
DA:6,1
DA:9,1
DA:11,1
DA:14,1
LF:4
LH:4
end_of_record
TN:
SF:t.7db863f3f3ae492382da5a2cc1698a38b260ac536fa77fd37585d2c235e5a469
DA:7,1
DA:10,1
DA:13,1
DA:14,1
DA:15,1
DA:16,1
LF:6
LH:6
end_of_record
TN:
SF:t.7e72c520334088e625ff3ce483f1ff8ee539020337385935e43213614df91da3
DA:7,1
DA:12,1
LF:2
LH:2
end_of_record
TN:
SF:t.7e74c8e15253763948dd030d8b853ac17d576ecb9006dd51f062f48793271bbf
DA:6,1
DA:9,1
DA:11,1
DA:14,1
LF:4
LH:4
end_of_record
TN:
SF:t.80c5264daa18374d71fbba5a6e00738c1e0c88cb393bf356a5f6d7a8ba2faa62
DA:5,1
DA:8,1
DA:9,1
DA:13,1
DA:14,0
LF:5
LH:4
end_of_record
TN:
SF:t.812447332c8b378355e8d5f22051ea94f1c07ca95cae3aa5a6b2df1a34d810bf
DA:5,1
DA:8,1
DA:9,1
DA:13,1
DA:14,0
LF:5
LH:4
end_of_record
TN:
SF:t.8279adffb5e695e17163b9f899d6839c373fa6a37407d9a968750c3a86e1128b
DA:6,1
DA:9,1
DA:11,1
DA:14,1
LF:4
LH:4
end_of_record
TN:
SF:t.82ee0afa4b8ae1392ea8a1318b8b6e19676e043c1775bc29c807bcd8d11090a3
DA:6,1
DA:9,1
DA:11,1
DA:14,1
LF:4
LH:4
end_of_record
TN:
SF:t.8392ef5acd098ce5522a511391a1d3cae43438ff55fec660f91c53f2be1a7f7e
DA:6,1
DA:9,1
DA:11,1
DA:14,1
LF:4
LH:4
end_of_record
TN:
SF:t.843de241ea5dd5192c20ade6fc0e2abe2c015c31aecd75f57c237f9c66bc0e4d
DA:4,1
LF:1
LH:1
end_of_record
TN:
SF:t.856b0539500869f5183b1291caf270a1350ed062eb0e82f5345040ea2fe07c94
DA:17,1
DA:20,1
DA:24,1
DA:25,4
DA:27,4
DA:28,4
DA:29,3
DA:32,4
DA:35,4
LF:9
LH:9
end_of_record
TN:
SF:t.872c063c9ab89e83b22e0d6ddad8d99bf85698c80d1df1c7a5ff539a9060f014
DA:3,1
LF:1
LH:1
end_of_record
TN:
SF:t.879f1f018f6da3682129d523211e4108368371a672ff1b35c50afa9499feeb9a
DA:4,1
LF:1
LH:1
end_of_record
TN:
SF:t.87e108aad537e04e4a8d785901bc1906b8cf3aea95b6ad2a465cc890ec429678
DA:3,1
DA:4,1
LF:2
LH:2
end_of_record
TN:
SF:t.8b611612288a1ba73122f8ad809ce0f65006be27297cbe710e6d4cb64501c4a3
DA:6,1
DA:9,1
DA:11,1
DA:14,1
LF:4
LH:4
end_of_record
TN:
SF:t.8ba458bd54575699c81a15df9b74f4ad998b9d9004f957fa23e6028af237c6df
DA:3,1
DA:4,1
LF:2
LH:2
end_of_record
TN:
SF:t.8dbcfd2472e75abc4813b8658138c7c67dcd4bb5f46715becadead8b12dfcb94
DA:6,1
DA:9,1
DA:11,1
DA:14,1
LF:4
LH:4
end_of_record
TN:
SF:t.9014282f135e7586bed930d197b66059d0f1ae4b8de179527f22cc6df7a9dd60
DA:11,1
DA:13,1
DA:15,1
DA:16,1
DA:17,1
DA:19,1
DA:22,1
LF:7
LH:7
end_of_record
TN:
SF:t.930b40ebdd21726095228d2b6a4499e994660e8f35f050b08341807e611884f9
DA:21,1
DA:22,1
DA:27,1
LF:3
LH:3
end_of_record
TN:
SF:t.95faf761e5cc4af6abe767feb84992bad089d1304997a92bd47beb32d64b986b
DA:6,1
DA:9,1
DA:11,1
DA:14,1
LF:4
LH:4
end_of_record
TN:
SF:t.96052e689b8bf180ee786490cf48992fdd542489cbe77c405a87dd374447fbe2
DA:6,1
DA:9,1
DA:11,1
DA:14,1
LF:4
LH:4
end_of_record
TN:
SF:t.966e9a164ceabc741334592ecb5204552ce33d29fc93dab335178331d5b77f83
DA:6,1
DA:9,1
DA:11,1
DA:14,1
LF:4
LH:4
end_of_record
TN:
SF:t.98c2f0087b064af58a3da83c06eb49c4437ee211393f2bf709b8e3daa1fd6d5b
DA:6,1
DA:9,1
DA:11,1
DA:14,1
LF:4
LH:4
end_of_record
TN:
SF:t.99b44c5079331d22ab0ab4a6f30a3a0f6a97487079bc8b1b00f3a99bb9f4d5b9
DA:6,1
DA:9,1
DA:11,1
DA:14,1
LF:4
LH:4
end_of_record
TN:
SF:t.9aa7dfcf4d03609810b35ce4147930a54457b27676b2537687a014181c7c7dc4
DA:4,1
LF:1
LH:1
end_of_record
TN:
SF:t.9c376456a7549b2c5ef1fbff131c8902a304e590d85b3b535226e93bc9952746
DA:12,1
DA:16,1
LF:2
LH:2
end_of_record
TN:
SF:t.9daf33481af221ebcc6f7ee8941f19fcc533b99c48fa2f73a047fe4c19def8be
DA:14,1
DA:18,1
DA:20,1
DA:22,1
DA:23,1
DA:26,1
DA:30,1
LF:7
LH:7
end_of_record
TN:
SF:t.9f8afce3bd9c560024658dab4a644d6a58d938f2a17d6a11f0e870a42c5b4f74
DA:6,1
DA:9,1
DA:11,1
DA:14,1
LF:4
LH:4
end_of_record
TN:
SF:t.a14a32d7acecf084e57644063d6fe25644d129cd1fe149efc63846ea19e62f70
DA:4,1
LF:1
LH:1
end_of_record
TN:
SF:t.a1e32525ce70ce1d874331ac7ed5a5f5370de1eaa40bb491cc920ec59fe849d9
DA:4,1
LF:1
LH:1
end_of_record
TN:
SF:t.a1fd5c8560140ed4517131a56e27912b2e35c854983c8ee563edd57e7d0b1428
DA:6,1
DA:9,1
DA:11,1
DA:14,1
LF:4
LH:4
end_of_record
TN:
SF:t.a506c0eb2cc8982644578079660302cfa6d8093c63d3aefb1fff399fa799b128
DA:6,1
DA:9,1
DA:11,1
DA:14,1
LF:4
LH:4
end_of_record
TN:
SF:t.a51d2ff9ae655e9910f2ce9a179efb620cb577a65741f41f5cba12d67457a8dc
DA:6,1
DA:9,1
DA:11,1
DA:14,1
LF:4
LH:4
end_of_record
TN:
SF:t.a6626b7ee49466dcb2cc88bfb3d34ada067b7f8b21cab8515736ff6f330b40f3
DA:6,1
DA:9,1
DA:11,1
DA:14,1
LF:4
LH:4
end_of_record
TN:
SF:t.a72cff31e25f899ab0c95f3290049c9f6b77bf482aa571533a80c2b55ec6b75f
DA:6,1
DA:9,1
DA:11,1
DA:14,1
LF:4
LH:4
end_of_record
TN:
SF:t.a761c4701aed8fa6b6d7a4bc49493f57fd21be44994ff1f027cb5bf949cd2296
DA:6,1
DA:9,1
DA:11,1
DA:14,1
LF:4
LH:4
end_of_record
TN:
SF:t.a81bb8471af92fbfc9d660d3cf02fc65452c02f923b080586a0c9d5454b83a26
DA:6,1
DA:9,1
DA:11,1
DA:14,1
LF:4
LH:4
end_of_record
TN:
SF:t.a8603278b0d6db736aa4b48c89a9d5ada9ae81ec273f3fc9989c979124dbb3fe
DA:6,1
DA:9,1
DA:11,1
DA:14,1
LF:4
LH:4
end_of_record
TN:
SF:t.a9665ced189eeee277dd9e4d697d1acfcee2ff96032d1979546bbeeb01f4a1ab
DA:4,1
LF:1
LH:1
end_of_record
TN:
SF:t.a9a599d06cc17ee36195375688ffae66354a5ae68fab30756616c169615c688c
DA:3,1
DA:4,1
LF:2
LH:2
end_of_record
TN:
SF:t.ac5b3fa2c38422ff0ef7c82a5651fddae2049cd8fe718eb4e37f64bb75653fbb
DA:6,1
DA:9,1
DA:11,1
DA:14,1
LF:4
LH:4
end_of_record
TN:
SF:t.ac9252c75766efaf2a272ae78e417b5d50342c88e6688e6230f2895e8a946522
DA:5,1
DA:8,1
DA:9,1
DA:13,1
DA:14,0
LF:5
LH:4
end_of_record
TN:
SF:t.ad7ffa21ef4de8f2b92ddbf54a4c09b2c5ead0e9bc187e9c3ea8e5f656ae0ff7
DA:10,1
DA:13,1
DA:18,1
LF:3
LH:3
end_of_record
TN:
SF:t.adcfafde59e4d717514ca9417073a324fbdb3843ab5e4e54e62a19d7834fac79
DA:7,1
DA:12,1
LF:2
LH:2
end_of_record
TN:
SF:t.b08f10c2800fa58f081ada92b982f6c6e2b9b6abef60b7b1b907629d3121fe8b
DA:3,1
LF:1
LH:1
end_of_record
TN:
SF:t.b1c7402a47e4790d6760cbcd01591c68059e1fdb3af73a243fa86fde6e4f38b9
DA:3,1
LF:1
LH:1
end_of_record
TN:
SF:t.b27be1e98bc8cff2fd4a5859dc73e4ac407a6147848d0fce7271f3b4e36e3536
DA:3,1
LF:1
LH:1
end_of_record
TN:
SF:t.b2b6d936ae7bae539b38e57f7f1a95b62c5a8b3f7cf2a08cc3bf03af29bd52dc
DA:6,1
DA:9,1
DA:11,1
DA:14,1
LF:4
LH:4
end_of_record
TN:
SF:t.b4d18428c02d17c114243d99e297790e647071ceda6e102fa32eddc6bd049ec6
DA:6,1
DA:9,1
DA:11,1
DA:14,1
LF:4
LH:4
end_of_record
TN:
SF:t.b5479560ba8098177d06743d1cae9935b7a571cf30b6154ad00f87880dadd7a3
DA:6,1
DA:9,1
DA:11,1
DA:14,1
LF:4
LH:4
end_of_record
TN:
SF:t.b630a171e63386e8a7a9cf45de3335b93b374ada7d5feb4f02a70bee803282e2
DA:5,1
DA:8,1
DA:9,1
DA:13,1
DA:14,0
LF:5
LH:4
end_of_record
TN:
SF:t.b68fb0632331c673743a80faf92afe708598a5907dcd71add95be2cddf28f32a
DA:6,1
DA:9,1
DA:11,1
DA:14,1
LF:4
LH:4
end_of_record
TN:
SF:t.ba187d124ff1e976a59df607bf045b60b3cb09febca168eab4f0a38635467baf
DA:12,1
DA:16,1
LF:2
LH:2
end_of_record
TN:
SF:t.bac69900943f587e0919b60a59bc372d5ae8ee45f0d2fc04173f21a9af4cff8e
DA:3,1
LF:1
LH:1
end_of_record
TN:
SF:t.bae835e42a89a214729e5710b59c9d74d5fdb2b047d5ccf24bfd98d10ecd76d6
DA:11,1
DA:13,1
DA:15,1
DA:16,1
DA:17,1
DA:18,1
DA:19,1
DA:21,1
DA:25,1
DA:26,0
LF:10
LH:9
end_of_record
TN:
SF:t.bb0948c2e001fbad5bd56af94a7fa35cf0c4bd6067db56417f73a8b0816c38c7
DA:6,1
DA:9,1
DA:11,1
DA:14,1
LF:4
LH:4
end_of_record
TN:
SF:t.bc67024782c440ed771c0495f32c6dde8e4ae3adb28582a27bb61538d1e71e94
DA:17,1
DA:18,1
DA:19,1
DA:20,0
DA:21,0
DA:24,1
LF:6
LH:4
end_of_record
TN:
SF:t.bc67a488711df8d0faa194c2e057d223e2c83fcdf67348eb93794d1cc87fa783
DA:6,1
DA:9,1
DA:11,1
DA:14,1
LF:4
LH:4
end_of_record
TN:
SF:t.bd7601af35a790280b5fd7363d24c02d758404eda56b1d4c34503c7f0de17618
DA:6,1
DA:9,1
DA:11,1
DA:14,1
LF:4
LH:4
end_of_record
TN:
SF:t.bfb24a9a64224cd4257700feb9fcaf73e520635b5a2073712d4951c3cb0e2dd3
DA:6,1
DA:9,1
DA:11,1
DA:14,1
LF:4
LH:4
end_of_record
TN:
SF:t.c082a8a6e00c6eb6d446df0c560255ada029129e01daf6d5bfb2bbf890698434
DA:6,1
DA:9,1
DA:11,1
DA:14,1
LF:4
LH:4
end_of_record
TN:
SF:t.c21f8a38a44c861f12df3e2d1d81da9c1aab8881ea353c1a7bac9bfd8d06131e
DA:3,1
LF:1
LH:1
end_of_record
TN:
SF:t.c250af14b2b3773049d7f7736a9ed3cbf1bba3011dab0367398588c176240b19
DA:7,1
DA:12,1
LF:2
LH:2
end_of_record
TN:
SF:t.c2772403d2bbb3b0878885fd6536f064c9b2c4077425af7cc9caf0306fb7ddea
DA:6,1
DA:9,1
DA:11,1
DA:14,1
LF:4
LH:4
end_of_record
TN:
SF:t.c2efc46e2053e59819fd88c243b13a0d63f11a076856e1668a40b9353233606c
DA:6,1
DA:9,1
DA:11,1
DA:14,1
LF:4
LH:4
end_of_record
TN:
SF:t.c52bdd9fff597b1fcfcae1927ffa7c83d84ba8ef8e8071e80316eef758449ebb
DA:7,1
DA:12,1
LF:2
LH:2
end_of_record
TN:
SF:t.c5b555530bff41b2f0a247a37182e557dc2187b0394999640de86bcc5316833d
DA:6,1
DA:9,1
DA:11,1
DA:14,1
LF:4
LH:4
end_of_record
TN:
SF:t.c614e93340e72d781fa4a9cdbdc48c6f32ef39f4172ccfae0f3d3d8c4ddfac3f
DA:19,1
DA:20,1
DA:23,1
DA:25,1
DA:28,1
DA:34,1
LF:6
LH:6
end_of_record
TN:
SF:t.c808be13222829fbdaf791596b4173bace134aab1615115bfc6b5dd23994020f
DA:6,1
DA:9,1
DA:11,1
DA:14,1
LF:4
LH:4
end_of_record
TN:
SF:t.c949ac3b6b3b1a90ed39ea1cd9f97288b649ffa178f9c2a5d9d91feb2e42be75
DA:3,1
LF:1
LH:1
end_of_record
TN:
SF:t.c9ccc2d0250230b027c115931ec0d8b95063949fb6798d3d7f26fe86c5c2c0e9
DA:21,1
DA:22,1
DA:27,1
LF:3
LH:3
end_of_record
TN:
SF:t.c9e86a1447bbc8bfabe001152051f182def76d27eb277f69585e897b39f14ce7
DA:12,1
DA:16,1
LF:2
LH:2
end_of_record
TN:
SF:t.cadc069cd63b8d277d7ec6fb0f8c381f2e746c0240ca2ac8a0cf3937c9a70299
DA:4,1
LF:1
LH:1
end_of_record
TN:
SF:t.cae8b311d27491b66e7a97dd3a5d073591a18be811a90a2c977942e4b0cd6e85
DA:3,1
LF:1
LH:1
end_of_record
TN:
SF:t.cb12ed57b437075dfdd73d0d3f73928b92618869c5c2ebabfdad8b1ac5ea9286
DA:3,1
LF:1
LH:1
end_of_record
TN:
SF:t.cc0d9b40af9259a98ff02b2bd63d2000858565b8a454c3efb83bf9bce05c2330
DA:12,1
DA:16,1
LF:2
LH:2
end_of_record
TN:
SF:t.cd5c1e3f98f61770dddd282aa3b5f8988e6f3a3b5773236a04a8548b7130a309
DA:3,1
LF:1
LH:1
end_of_record
TN:
SF:t.cde05fea72094b365c84207f2163bed4858901cb3250881229b1934bf32de4f1
DA:12,1
DA:16,1
LF:2
LH:2
end_of_record
TN:
SF:t.cf44cdbb9af02b1982e29cb1c6368fd30a5f8577947974618d0e7e4d9a07a021
DA:5,1
DA:8,1
DA:9,1
DA:13,1
DA:14,0
LF:5
LH:4
end_of_record
TN:
SF:t.cf7d878390c30341459ddfbfccb6feb206bf637604bce4e39d9cc3fd484320d9
DA:16,1
DA:18,1
DA:23,1
LF:3
LH:3
end_of_record
TN:
SF:t.d16c1deae85765d873a4741d15ea7ebff074dfa0b94c5e37f9f3760463f25d9a
DA:6,1
DA:9,1
DA:11,1
DA:14,1
LF:4
LH:4
end_of_record
TN:
SF:t.d322f4b9d90940e23ef31ca9fb2b305397c8c14b309daf58b2ae5c0294eac9f9
DA:22,1
DA:26,1
DA:28,1
DA:30,1
DA:37,1
DA:39,1
DA:42,1
DA:43,1
DA:44,1
DA:45,1
DA:47,1
DA:51,1
DA:56,1
LF:13
LH:13
end_of_record
TN:
SF:t.d597edaf26ebbe08c6cc8459ae12af31995492b07706b43ca7f2b34719ec1f10
DA:6,1
DA:9,1
DA:11,1
DA:14,1
LF:4
LH:4
end_of_record
TN:
SF:t.d7e3dc0a260b4499001ea79cca2196b8675dafdafa05a30d35e497b0f4a11802
DA:6,1
DA:9,1
DA:11,1
DA:14,1
LF:4
LH:4
end_of_record
TN:
SF:t.d8e2fe0cf5c7fb897a64041507158dfec5be6aeb07f23247d42f9d1357796444
DA:4,1
LF:1
LH:1
end_of_record
TN:
SF:t.dacca471bf96279b48cf32e2ce41a0a0d8f63dac757e86abbe720b298a2fe690
DA:6,1
DA:9,1
DA:11,1
DA:14,1
LF:4
LH:4
end_of_record
TN:
SF:t.dbf7f552af3c4b885074b340bff1dd285b3d592cd5fb44d45206a318ec38d542
DA:6,1
DA:9,1
DA:11,1
DA:14,1
LF:4
LH:4
end_of_record
TN:
SF:t.de472e5570424699d8c7289b1e04949498fb62e3e532f35eb0a5124dd2a08fa5
DA:7,1
DA:12,1
LF:2
LH:2
end_of_record
TN:
SF:t.df2c7c2dd0a1a1c5f638611e4b9eef465ce7bf9d27c18cb78dbc114773ed885e
DA:6,1
DA:9,1
DA:11,1
DA:14,1
LF:4
LH:4
end_of_record
TN:
SF:t.e187f865204951617addda9e22c91c71e4cc80acd5a62dabd19052c873ab0ad2
DA:6,1
DA:9,1
DA:11,1
DA:14,1
LF:4
LH:4
end_of_record
TN:
SF:t.e25370ab20ad0be782098b9a8c1668a64618437e3a8701569329059283bb38bd
DA:3,1
LF:1
LH:1
end_of_record
TN:
SF:t.e6ac50b073fad9e44915f64799d638efb45c6cf0489b4f31ea4df36bc45640db
DA:6,1
DA:9,1
DA:11,1
DA:14,1
LF:4
LH:4
end_of_record
TN:
SF:t.e8624110e88d751de2cd716f7672b3b6a9efb13077f3305bbe11e44411581926
DA:12,1
DA:16,1
LF:2
LH:2
end_of_record
TN:
SF:t.ea7045ab40804545eeaa3658b75aa9f61ded6e3136890c7460c8e4673a41a863
DA:12,1
DA:16,1
LF:2
LH:2
end_of_record
TN:
SF:t.eb1505fa91aa3afe875b8b2e5e6937e9a33443ffb5a96c7fec1ca7af801a5e66
DA:4,1
LF:1
LH:1
end_of_record
TN:
SF:t.eb9b7abc176fa76b9c5ed4e6b530ac1b2246f6062bac4de92445d8c94f597193
DA:6,1
DA:9,1
DA:11,1
DA:14,1
LF:4
LH:4
end_of_record
TN:
SF:t.ebe5293d5cd2778bdda39823bf3e99da08a95d2fe93769d24a3eccfbde3ac172
DA:3,1
LF:1
LH:1
end_of_record
TN:
SF:t.ecada27e9154c77a4796f303f8bb128056ce8b7ca32dba9f9092318b3e9db133
DA:6,1
DA:9,1
DA:11,1
DA:14,1
LF:4
LH:4
end_of_record
TN:
SF:t.ed70261bafebfdb3a623d6cf47b79a6b7de6c1ed849c99b3c0b4892f497265c0
DA:4,1
LF:1
LH:1
end_of_record
TN:
SF:t.ef452ac4a4f27af0eb886f28fe325085bcf89429a6b74e0028b232da8548f8d4
DA:6,1
DA:9,1
LF:2
LH:2
end_of_record
TN:
SF:t.f1d156171943f6d3b9051441efa52d4b97ec2076f41b84986def9aa3afe2a21e
DA:4,1
LF:1
LH:1
end_of_record
TN:
SF:t.f21db1e567f0449c8d8f756097554726e13f2b4b55400208afcface3e0fcb02d
DA:5,1
DA:8,1
DA:9,1
DA:13,1
DA:14,0
LF:5
LH:4
end_of_record
TN:
SF:t.f2327e5cfe32bc162a4bc31e99ae50cb2f7ac5040966d7c0de7d8b65d809a54a
DA:6,1
DA:9,1
DA:11,1
DA:14,1
LF:4
LH:4
end_of_record
TN:
SF:t.f476d82c9728d4bae75a4b6018f99358526ad229b7bdfbe838e0b2bf28ceda0c
DA:12,1
DA:16,1
LF:2
LH:2
end_of_record
TN:
SF:t.f4ea2db80f5bed61093fdadae5c4d501a8e1a71c63119b20bec3795c56083d70
DA:3,1
LF:1
LH:1
end_of_record
TN:
SF:t.f5152c1657f9af6be89055d7c34903cbd9a1d41d9225902a08f6d22b5841b630
DA:6,1
DA:9,1
DA:11,1
DA:14,1
LF:4
LH:4
end_of_record
TN:
SF:t.f81ff84886ec7b8a0389210567dfe975b3cf9a8bcf0b841106415f21d3453602
DA:6,1
DA:9,1
DA:11,1
DA:14,1
LF:4
LH:4
end_of_record
TN:
SF:t.f884c28c959742ea2b71f4215f67d16bd50d969e7d97884dcb25b716248ec64b
DA:6,1
DA:9,1
DA:11,1
DA:14,1
LF:4
LH:4
end_of_record
TN:
SF:t.fb26d89595937816b500e8bd6176fa382db7c232a0ba6030496a1a91671a0ea1
DA:12,1
DA:16,1
LF:2
LH:2
end_of_record
TN:
SF:t.fbc13d607ba8b3e26b27cb93a3edbebe0f42dcafd13a714b4e189c5a4886e7ce
DA:5,1
DA:8,1
DA:9,1
DA:13,1
DA:14,0
LF:5
LH:4
end_of_record
TN:
SF:t.fcbfef3d335bdd5a6481f77d35a9f49b0320b6727920436e172a9183d2daf7c3
DA:3,1
LF:1
LH:1
end_of_record
TN:
SF:t.ffa3df30714bc1ca1d96eaa1faf8ef8919b42aee2278e6d3871f4c36133ed9e4
DA:3,1
LF:1
LH:1
end_of_record
TN:
SF:t.ffdabe8569644004286ab9e8a4fe7b7323ad54156899051bba7b096240173114
DA:4,1
LF:1
LH:1
end_of_record
